{"/Users/doberkofler/MyShare/doberkofler/ai-test-rest-router/server/src/app.ts": {"path":"/Users/doberkofler/MyShare/doberkofler/ai-test-rest-router/server/src/app.ts","statementMap":{"0":{"start":{"line":13,"column":18},"end":{"line":13,"column":null}},"1":{"start":{"line":20,"column":7},"end":{"line":20,"column":null}},"2":{"start":{"line":23,"column":1},"end":{"line":23,"column":null}},"3":{"start":{"line":26,"column":22},"end":{"line":26,"column":null}},"4":{"start":{"line":27,"column":1},"end":{"line":33,"column":null}},"5":{"start":{"line":28,"column":25},"end":{"line":28,"column":null}},"6":{"start":{"line":29,"column":21},"end":{"line":29,"column":null}},"7":{"start":{"line":30,"column":2},"end":{"line":30,"column":null}},"8":{"start":{"line":32,"column":2},"end":{"line":32,"column":null}},"9":{"start":{"line":35,"column":1},"end":{"line":35,"column":null}},"10":{"start":{"line":36,"column":1},"end":{"line":36,"column":null}},"11":{"start":{"line":39,"column":1},"end":{"line":41,"column":null}},"12":{"start":{"line":42,"column":1},"end":{"line":45,"column":null}},"13":{"start":{"line":46,"column":1},"end":{"line":46,"column":null}},"14":{"start":{"line":47,"column":1},"end":{"line":47,"column":null}},"15":{"start":{"line":50,"column":1},"end":{"line":50,"column":null}},"16":{"start":{"line":53,"column":1},"end":{"line":55,"column":null}},"17":{"start":{"line":54,"column":2},"end":{"line":54,"column":null}},"18":{"start":{"line":58,"column":1},"end":{"line":58,"column":null}},"19":{"start":{"line":59,"column":1},"end":{"line":59,"column":null}},"20":{"start":{"line":62,"column":20},"end":{"line":62,"column":null}},"21":{"start":{"line":63,"column":1},"end":{"line":63,"column":null}},"22":{"start":{"line":66,"column":1},"end":{"line":68,"column":null}},"23":{"start":{"line":67,"column":2},"end":{"line":67,"column":null}},"24":{"start":{"line":70,"column":1},"end":{"line":70,"column":null}}},"fnMap":{"0":{"name":"createApp","decl":{"start":{"line":19,"column":22},"end":{"line":19,"column":34}},"loc":{"start":{"line":19,"column":34},"end":{"line":71,"column":null}},"line":19},"1":{"name":"(anonymous_1)","decl":{"start":{"line":53,"column":24},"end":{"line":53,"column":25}},"loc":{"start":{"line":53,"column":39},"end":{"line":55,"column":2}},"line":53},"2":{"name":"spaFallback","decl":{"start":{"line":66,"column":34},"end":{"line":66,"column":46}},"loc":{"start":{"line":66,"column":57},"end":{"line":68,"column":2}},"line":66}},"branchMap":{},"s":{"0":1,"1":12,"2":12,"3":12,"4":12,"5":12,"6":12,"7":12,"8":0,"9":12,"10":12,"11":12,"12":12,"13":12,"14":12,"15":12,"16":12,"17":1,"18":12,"19":12,"20":12,"21":12,"22":12,"23":1,"24":12},"f":{"0":12,"1":1,"2":1},"b":{},"meta":{"lastBranch":0,"lastFunction":3,"lastStatement":25,"seen":{"s:13:18:13:Infinity":0,"f:19:22:19:34":0,"s:20:7:20:Infinity":1,"s:23:1:23:Infinity":2,"s:26:22:26:Infinity":3,"s:27:1:33:Infinity":4,"s:28:25:28:Infinity":5,"s:29:21:29:Infinity":6,"s:30:2:30:Infinity":7,"s:32:2:32:Infinity":8,"s:35:1:35:Infinity":9,"s:36:1:36:Infinity":10,"s:39:1:41:Infinity":11,"s:42:1:45:Infinity":12,"s:46:1:46:Infinity":13,"s:47:1:47:Infinity":14,"s:50:1:50:Infinity":15,"s:53:1:55:Infinity":16,"f:53:24:53:25":1,"s:54:2:54:Infinity":17,"s:58:1:58:Infinity":18,"s:59:1:59:Infinity":19,"s:62:20:62:Infinity":20,"s:63:1:63:Infinity":21,"s:66:1:68:Infinity":22,"f:66:34:66:46":2,"s:67:2:67:Infinity":23,"s:70:1:70:Infinity":24}}}
,"/Users/doberkofler/MyShare/doberkofler/ai-test-rest-router/server/src/middleware/auth.middleware.ts": {"path":"/Users/doberkofler/MyShare/doberkofler/ai-test-rest-router/server/src/middleware/auth.middleware.ts","statementMap":{"0":{"start":{"line":8,"column":25},"end":{"line":34,"column":null}},"1":{"start":{"line":9,"column":14},"end":{"line":9,"column":null}},"2":{"start":{"line":10,"column":1},"end":{"line":13,"column":null}},"3":{"start":{"line":11,"column":2},"end":{"line":11,"column":null}},"4":{"start":{"line":12,"column":2},"end":{"line":12,"column":null}},"5":{"start":{"line":15,"column":17},"end":{"line":15,"column":null}},"6":{"start":{"line":16,"column":1},"end":{"line":19,"column":null}},"7":{"start":{"line":17,"column":2},"end":{"line":17,"column":null}},"8":{"start":{"line":18,"column":2},"end":{"line":18,"column":null}},"9":{"start":{"line":21,"column":13},"end":{"line":21,"column":null}},"10":{"start":{"line":22,"column":17},"end":{"line":22,"column":null}},"11":{"start":{"line":23,"column":1},"end":{"line":28,"column":null}},"12":{"start":{"line":24,"column":2},"end":{"line":24,"column":null}},"13":{"start":{"line":25,"column":2},"end":{"line":25,"column":null}},"14":{"start":{"line":26,"column":2},"end":{"line":26,"column":null}},"15":{"start":{"line":27,"column":2},"end":{"line":27,"column":null}},"16":{"start":{"line":30,"column":1},"end":{"line":30,"column":null}},"17":{"start":{"line":31,"column":2},"end":{"line":31,"column":null}},"18":{"start":{"line":32,"column":2},"end":{"line":32,"column":null}},"19":{"start":{"line":33,"column":1},"end":{"line":33,"column":null}}},"fnMap":{"0":{"name":"(anonymous_0)","decl":{"start":{"line":8,"column":25},"end":{"line":8,"column":26}},"loc":{"start":{"line":8,"column":78},"end":{"line":34,"column":null}},"line":8}},"branchMap":{"0":{"loc":{"start":{"line":10,"column":1},"end":{"line":13,"column":null}},"type":"if","locations":[{"start":{"line":10,"column":1},"end":{"line":13,"column":null}},{"start":{},"end":{}}],"line":10},"1":{"loc":{"start":{"line":16,"column":1},"end":{"line":19,"column":null}},"type":"if","locations":[{"start":{"line":16,"column":1},"end":{"line":19,"column":null}},{"start":{},"end":{}}],"line":16},"2":{"loc":{"start":{"line":23,"column":1},"end":{"line":28,"column":null}},"type":"if","locations":[{"start":{"line":23,"column":1},"end":{"line":28,"column":null}},{"start":{},"end":{}}],"line":23}},"s":{"0":1,"1":7,"2":7,"3":1,"4":1,"5":6,"6":6,"7":2,"8":2,"9":4,"10":4,"11":4,"12":1,"13":1,"14":1,"15":1,"16":3,"17":3,"18":3,"19":3},"f":{"0":7},"b":{"0":[1,6],"1":[2,4],"2":[1,3]},"meta":{"lastBranch":3,"lastFunction":1,"lastStatement":20,"seen":{"s:8:25:34:Infinity":0,"f:8:25:8:26":0,"s:9:14:9:Infinity":1,"b:10:1:13:Infinity:undefined:undefined:undefined:undefined":0,"s:10:1:13:Infinity":2,"s:11:2:11:Infinity":3,"s:12:2:12:Infinity":4,"s:15:17:15:Infinity":5,"b:16:1:19:Infinity:undefined:undefined:undefined:undefined":1,"s:16:1:19:Infinity":6,"s:17:2:17:Infinity":7,"s:18:2:18:Infinity":8,"s:21:13:21:Infinity":9,"s:22:17:22:Infinity":10,"b:23:1:28:Infinity:undefined:undefined:undefined:undefined":2,"s:23:1:28:Infinity":11,"s:24:2:24:Infinity":12,"s:25:2:25:Infinity":13,"s:26:2:26:Infinity":14,"s:27:2:27:Infinity":15,"s:30:1:30:Infinity":16,"s:31:2:31:Infinity":17,"s:32:2:32:Infinity":18,"s:33:1:33:Infinity":19}}}
,"/Users/doberkofler/MyShare/doberkofler/ai-test-rest-router/server/src/routes/api.routes.ts": {"path":"/Users/doberkofler/MyShare/doberkofler/ai-test-rest-router/server/src/routes/api.routes.ts","statementMap":{"0":{"start":{"line":6,"column":6},"end":{"line":6,"column":null}},"1":{"start":{"line":9,"column":0},"end":{"line":9,"column":null}},"2":{"start":{"line":11,"column":0},"end":{"line":28,"column":null}},"3":{"start":{"line":12,"column":18},"end":{"line":12,"column":null}},"4":{"start":{"line":14,"column":25},"end":{"line":14,"column":null}},"5":{"start":{"line":15,"column":25},"end":{"line":15,"column":null}},"6":{"start":{"line":17,"column":1},"end":{"line":27,"column":null}},"7":{"start":{"line":30,"column":0},"end":{"line":32,"column":null}},"8":{"start":{"line":31,"column":1},"end":{"line":31,"column":null}},"9":{"start":{"line":34,"column":0},"end":{"line":42,"column":null}},"10":{"start":{"line":35,"column":1},"end":{"line":41,"column":null}},"11":{"start":{"line":36,"column":21},"end":{"line":36,"column":null}},"12":{"start":{"line":37,"column":2},"end":{"line":37,"column":null}},"13":{"start":{"line":38,"column":2},"end":{"line":38,"column":null}},"14":{"start":{"line":40,"column":2},"end":{"line":40,"column":null}},"15":{"start":{"line":44,"column":25},"end":{"line":44,"column":null}}},"fnMap":{"0":{"name":"getInfo","decl":{"start":{"line":11,"column":29},"end":{"line":11,"column":37}},"loc":{"start":{"line":11,"column":47},"end":{"line":28,"column":1}},"line":11},"1":{"name":"getOptions","decl":{"start":{"line":30,"column":32},"end":{"line":30,"column":43}},"loc":{"start":{"line":30,"column":54},"end":{"line":32,"column":1}},"line":30},"2":{"name":"updateOptions","decl":{"start":{"line":34,"column":39},"end":{"line":34,"column":53}},"loc":{"start":{"line":34,"column":63},"end":{"line":42,"column":1}},"line":34}},"branchMap":{},"s":{"0":1,"1":1,"2":1,"3":1,"4":1,"5":1,"6":1,"7":1,"8":0,"9":1,"10":2,"11":2,"12":2,"13":1,"14":1,"15":1},"f":{"0":1,"1":0,"2":2},"b":{},"meta":{"lastBranch":0,"lastFunction":3,"lastStatement":16,"seen":{"s:6:6:6:Infinity":0,"s:9:0:9:Infinity":1,"s:11:0:28:Infinity":2,"f:11:29:11:37":0,"s:12:18:12:Infinity":3,"s:14:25:14:Infinity":4,"s:15:25:15:Infinity":5,"s:17:1:27:Infinity":6,"s:30:0:32:Infinity":7,"f:30:32:30:43":1,"s:31:1:31:Infinity":8,"s:34:0:42:Infinity":9,"f:34:39:34:53":2,"s:35:1:41:Infinity":10,"s:36:21:36:Infinity":11,"s:37:2:37:Infinity":12,"s:38:2:38:Infinity":13,"s:40:2:40:Infinity":14,"s:44:25:44:Infinity":15}}}
,"/Users/doberkofler/MyShare/doberkofler/ai-test-rest-router/server/src/routes/auth.routes.ts": {"path":"/Users/doberkofler/MyShare/doberkofler/ai-test-rest-router/server/src/routes/auth.routes.ts","statementMap":{"0":{"start":{"line":6,"column":6},"end":{"line":6,"column":null}},"1":{"start":{"line":8,"column":0},"end":{"line":34,"column":null}},"2":{"start":{"line":9,"column":1},"end":{"line":33,"column":null}},"3":{"start":{"line":10,"column":22},"end":{"line":10,"column":null}},"4":{"start":{"line":11,"column":16},"end":{"line":11,"column":null}},"5":{"start":{"line":13,"column":15},"end":{"line":13,"column":null}},"6":{"start":{"line":13,"column":31},"end":{"line":13,"column":105}},"7":{"start":{"line":14,"column":2},"end":{"line":28,"column":null}},"8":{"start":{"line":15,"column":15},"end":{"line":15,"column":null}},"9":{"start":{"line":17,"column":3},"end":{"line":21,"column":null}},"10":{"start":{"line":23,"column":3},"end":{"line":26,"column":null}},"11":{"start":{"line":27,"column":3},"end":{"line":27,"column":null}},"12":{"start":{"line":30,"column":2},"end":{"line":30,"column":null}},"13":{"start":{"line":32,"column":2},"end":{"line":32,"column":null}},"14":{"start":{"line":36,"column":0},"end":{"line":43,"column":null}},"15":{"start":{"line":37,"column":14},"end":{"line":37,"column":null}},"16":{"start":{"line":38,"column":1},"end":{"line":40,"column":null}},"17":{"start":{"line":39,"column":2},"end":{"line":39,"column":null}},"18":{"start":{"line":41,"column":1},"end":{"line":41,"column":null}},"19":{"start":{"line":42,"column":1},"end":{"line":42,"column":null}},"20":{"start":{"line":45,"column":26},"end":{"line":45,"column":null}}},"fnMap":{"0":{"name":"login","decl":{"start":{"line":8,"column":37},"end":{"line":8,"column":43}},"loc":{"start":{"line":8,"column":53},"end":{"line":34,"column":1}},"line":8},"1":{"name":"(anonymous_1)","decl":{"start":{"line":13,"column":26},"end":{"line":13,"column":31}},"loc":{"start":{"line":13,"column":31},"end":{"line":13,"column":105}},"line":13},"2":{"name":"logout","decl":{"start":{"line":36,"column":32},"end":{"line":36,"column":39}},"loc":{"start":{"line":36,"column":49},"end":{"line":43,"column":1}},"line":36}},"branchMap":{"0":{"loc":{"start":{"line":13,"column":31},"end":{"line":13,"column":105}},"type":"binary-expr","locations":[{"start":{"line":13,"column":31},"end":{"line":13,"column":70}},{"start":{"line":13,"column":70},"end":{"line":13,"column":105}}],"line":13},"1":{"loc":{"start":{"line":14,"column":2},"end":{"line":28,"column":null}},"type":"if","locations":[{"start":{"line":14,"column":2},"end":{"line":28,"column":null}},{"start":{},"end":{}}],"line":14},"2":{"loc":{"start":{"line":38,"column":1},"end":{"line":40,"column":null}},"type":"if","locations":[{"start":{"line":38,"column":1},"end":{"line":40,"column":null}},{"start":{},"end":{}}],"line":38}},"s":{"0":1,"1":1,"2":8,"3":8,"4":8,"5":8,"6":7,"7":8,"8":6,"9":6,"10":6,"11":6,"12":1,"13":1,"14":1,"15":1,"16":1,"17":1,"18":1,"19":1,"20":1},"f":{"0":8,"1":7,"2":1},"b":{"0":[7,7],"1":[6,2],"2":[1,0]},"meta":{"lastBranch":3,"lastFunction":3,"lastStatement":21,"seen":{"s:6:6:6:Infinity":0,"s:8:0:34:Infinity":1,"f:8:37:8:43":0,"s:9:1:33:Infinity":2,"s:10:22:10:Infinity":3,"s:11:16:11:Infinity":4,"s:13:15:13:Infinity":5,"f:13:26:13:31":1,"s:13:31:13:105":6,"b:13:31:13:70:13:70:13:105":0,"b:14:2:28:Infinity:undefined:undefined:undefined:undefined":1,"s:14:2:28:Infinity":7,"s:15:15:15:Infinity":8,"s:17:3:21:Infinity":9,"s:23:3:26:Infinity":10,"s:27:3:27:Infinity":11,"s:30:2:30:Infinity":12,"s:32:2:32:Infinity":13,"s:36:0:43:Infinity":14,"f:36:32:36:39":2,"s:37:14:37:Infinity":15,"b:38:1:40:Infinity:undefined:undefined:undefined:undefined":2,"s:38:1:40:Infinity":16,"s:39:2:39:Infinity":17,"s:41:1:41:Infinity":18,"s:42:1:42:Infinity":19,"s:45:26:45:Infinity":20}}}
,"/Users/doberkofler/MyShare/doberkofler/ai-test-rest-router/server/src/services/config.service.ts": {"path":"/Users/doberkofler/MyShare/doberkofler/ai-test-rest-router/server/src/services/config.service.ts","statementMap":{"0":{"start":{"line":9,"column":28},"end":{"line":9,"column":null}},"1":{"start":{"line":10,"column":25},"end":{"line":10,"column":null}},"2":{"start":{"line":18,"column":2},"end":{"line":18,"column":null}},"3":{"start":{"line":25,"column":2},"end":{"line":34,"column":null}},"4":{"start":{"line":26,"column":23},"end":{"line":26,"column":null}},"5":{"start":{"line":27,"column":3},"end":{"line":27,"column":null}},"6":{"start":{"line":29,"column":21},"end":{"line":29,"column":null}},"7":{"start":{"line":30,"column":3},"end":{"line":30,"column":null}},"8":{"start":{"line":32,"column":3},"end":{"line":32,"column":null}},"9":{"start":{"line":33,"column":3},"end":{"line":33,"column":null}},"10":{"start":{"line":42,"column":2},"end":{"line":42,"column":null}},"11":{"start":{"line":50,"column":2},"end":{"line":50,"column":null}},"12":{"start":{"line":51,"column":2},"end":{"line":55,"column":null}},"13":{"start":{"line":63,"column":2},"end":{"line":63,"column":null}},"14":{"start":{"line":67,"column":29},"end":{"line":67,"column":null}}},"fnMap":{"0":{"name":"(anonymous_0)","decl":{"start":{"line":17,"column":7},"end":{"line":17,"column":21}},"loc":{"start":{"line":17,"column":41},"end":{"line":19,"column":null}},"line":17},"1":{"name":"(anonymous_1)","decl":{"start":{"line":24,"column":7},"end":{"line":24,"column":20}},"loc":{"start":{"line":24,"column":20},"end":{"line":35,"column":null}},"line":24},"2":{"name":"(anonymous_2)","decl":{"start":{"line":41,"column":1},"end":{"line":41,"column":23}},"loc":{"start":{"line":41,"column":23},"end":{"line":43,"column":null}},"line":41},"3":{"name":"(anonymous_3)","decl":{"start":{"line":49,"column":7},"end":{"line":49,"column":21}},"loc":{"start":{"line":49,"column":42},"end":{"line":56,"column":null}},"line":49},"4":{"name":"(anonymous_4)","decl":{"start":{"line":62,"column":1},"end":{"line":62,"column":20}},"loc":{"start":{"line":62,"column":20},"end":{"line":64,"column":null}},"line":62}},"branchMap":{},"s":{"0":1,"1":1,"2":24,"3":13,"4":13,"5":12,"6":12,"7":12,"8":1,"9":1,"10":6,"11":1,"12":1,"13":8,"14":1},"f":{"0":24,"1":13,"2":6,"3":1,"4":8},"b":{},"meta":{"lastBranch":0,"lastFunction":5,"lastStatement":15,"seen":{"s:9:28:9:Infinity":0,"s:10:25:10:Infinity":1,"f:17:7:17:21":0,"s:18:2:18:Infinity":2,"f:24:7:24:20":1,"s:25:2:34:Infinity":3,"s:26:23:26:Infinity":4,"s:27:3:27:Infinity":5,"s:29:21:29:Infinity":6,"s:30:3:30:Infinity":7,"s:32:3:32:Infinity":8,"s:33:3:33:Infinity":9,"f:41:1:41:23":2,"s:42:2:42:Infinity":10,"f:49:7:49:21":3,"s:50:2:50:Infinity":11,"s:51:2:55:Infinity":12,"f:62:1:62:20":4,"s:63:2:63:Infinity":13,"s:67:29:67:Infinity":14}}}
,"/Users/doberkofler/MyShare/doberkofler/ai-test-rest-router/server/src/services/session.service.ts": {"path":"/Users/doberkofler/MyShare/doberkofler/ai-test-rest-router/server/src/services/session.service.ts","statementMap":{"0":{"start":{"line":21,"column":20},"end":{"line":21,"column":null}},"1":{"start":{"line":30,"column":8},"end":{"line":30,"column":null}},"2":{"start":{"line":31,"column":2},"end":{"line":36,"column":null}},"3":{"start":{"line":37,"column":2},"end":{"line":37,"column":null}},"4":{"start":{"line":46,"column":18},"end":{"line":46,"column":null}},"5":{"start":{"line":47,"column":2},"end":{"line":49,"column":null}},"6":{"start":{"line":48,"column":3},"end":{"line":48,"column":null}},"7":{"start":{"line":51,"column":2},"end":{"line":51,"column":null}},"8":{"start":{"line":59,"column":18},"end":{"line":59,"column":null}},"9":{"start":{"line":60,"column":2},"end":{"line":62,"column":null}},"10":{"start":{"line":61,"column":3},"end":{"line":61,"column":null}},"11":{"start":{"line":70,"column":2},"end":{"line":70,"column":null}},"12":{"start":{"line":74,"column":30},"end":{"line":74,"column":null}}},"fnMap":{"0":{"name":"(anonymous_0)","decl":{"start":{"line":29,"column":1},"end":{"line":29,"column":15}},"loc":{"start":{"line":29,"column":59},"end":{"line":38,"column":null}},"line":29},"1":{"name":"(anonymous_1)","decl":{"start":{"line":45,"column":1},"end":{"line":45,"column":12}},"loc":{"start":{"line":45,"column":46},"end":{"line":52,"column":null}},"line":45},"2":{"name":"(anonymous_2)","decl":{"start":{"line":58,"column":1},"end":{"line":58,"column":16}},"loc":{"start":{"line":58,"column":29},"end":{"line":63,"column":null}},"line":58},"3":{"name":"(anonymous_3)","decl":{"start":{"line":69,"column":1},"end":{"line":69,"column":15}},"loc":{"start":{"line":69,"column":28},"end":{"line":71,"column":null}},"line":69}},"branchMap":{"0":{"loc":{"start":{"line":47,"column":2},"end":{"line":49,"column":null}},"type":"if","locations":[{"start":{"line":47,"column":2},"end":{"line":49,"column":null}},{"start":{},"end":{}}],"line":47},"1":{"loc":{"start":{"line":60,"column":2},"end":{"line":62,"column":null}},"type":"if","locations":[{"start":{"line":60,"column":2},"end":{"line":62,"column":null}},{"start":{},"end":{}}],"line":60}},"s":{"0":1,"1":7,"2":7,"3":7,"4":10,"5":10,"6":6,"7":4,"8":5,"9":5,"10":4,"11":3,"12":1},"f":{"0":7,"1":10,"2":5,"3":3},"b":{"0":[6,4],"1":[4,1]},"meta":{"lastBranch":2,"lastFunction":4,"lastStatement":13,"seen":{"s:21:20:21:Infinity":0,"f:29:1:29:15":0,"s:30:8:30:Infinity":1,"s:31:2:36:Infinity":2,"s:37:2:37:Infinity":3,"f:45:1:45:12":1,"s:46:18:46:Infinity":4,"b:47:2:49:Infinity:undefined:undefined:undefined:undefined":0,"s:47:2:49:Infinity":5,"s:48:3:48:Infinity":6,"s:51:2:51:Infinity":7,"f:58:1:58:16":2,"s:59:18:59:Infinity":8,"b:60:2:62:Infinity:undefined:undefined:undefined:undefined":1,"s:60:2:62:Infinity":9,"s:61:3:61:Infinity":10,"f:69:1:69:15":3,"s:70:2:70:Infinity":11,"s:74:30:74:Infinity":12}}}
,"/Users/doberkofler/MyShare/doberkofler/ai-test-rest-router/server/src/shared/schemas.ts": {"path":"/Users/doberkofler/MyShare/doberkofler/ai-test-rest-router/server/src/shared/schemas.ts","statementMap":{"0":{"start":{"line":3,"column":26},"end":{"line":7,"column":null}},"1":{"start":{"line":9,"column":29},"end":{"line":11,"column":null}},"2":{"start":{"line":13,"column":27},"end":{"line":16,"column":null}},"3":{"start":{"line":18,"column":32},"end":{"line":28,"column":null}}},"fnMap":{},"branchMap":{},"s":{"0":1,"1":1,"2":1,"3":1},"f":{},"b":{},"meta":{"lastBranch":0,"lastFunction":0,"lastStatement":4,"seen":{"s:3:26:7:Infinity":0,"s:9:29:11:Infinity":1,"s:13:27:16:Infinity":2,"s:18:32:28:Infinity":3}}}
}
