{"/Users/doberkofler/MyShare/doberkofler/ai-test-rest-router/client/src/app.tsx": {"path":"/Users/doberkofler/MyShare/doberkofler/ai-test-rest-router/client/src/app.tsx","all":false,"statementMap":{"0":{"start":{"line":1,"column":0},"end":{"line":1,"column":47}},"1":{"start":{"line":2,"column":0},"end":{"line":2,"column":49}},"2":{"start":{"line":3,"column":0},"end":{"line":3,"column":43}},"3":{"start":{"line":4,"column":0},"end":{"line":4,"column":45}},"4":{"start":{"line":5,"column":0},"end":{"line":5,"column":51}},"5":{"start":{"line":6,"column":0},"end":{"line":6,"column":45}},"6":{"start":{"line":7,"column":0},"end":{"line":7,"column":60}},"12":{"start":{"line":13,"column":0},"end":{"line":13,"column":30}},"13":{"start":{"line":14,"column":0},"end":{"line":14,"column":9}},"14":{"start":{"line":15,"column":0},"end":{"line":15,"column":10}},"15":{"start":{"line":16,"column":0},"end":{"line":16,"column":50}},"16":{"start":{"line":17,"column":0},"end":{"line":17,"column":39}},"17":{"start":{"line":18,"column":0},"end":{"line":18,"column":45}},"18":{"start":{"line":19,"column":0},"end":{"line":19,"column":43}},"19":{"start":{"line":20,"column":0},"end":{"line":20,"column":51}},"20":{"start":{"line":21,"column":0},"end":{"line":21,"column":57}},"21":{"start":{"line":22,"column":0},"end":{"line":22,"column":12}},"22":{"start":{"line":23,"column":0},"end":{"line":23,"column":11}},"23":{"start":{"line":24,"column":0},"end":{"line":24,"column":11}},"25":{"start":{"line":26,"column":0},"end":{"line":26,"column":1}},"27":{"start":{"line":28,"column":0},"end":{"line":28,"column":26}}},"s":{"0":1,"1":1,"2":1,"3":1,"4":1,"5":1,"6":1,"12":1,"13":5,"14":5,"15":5,"16":5,"17":5,"18":5,"19":5,"20":5,"21":5,"22":5,"23":5,"25":5,"27":1},"branchMap":{"0":{"type":"branch","line":13,"loc":{"start":{"line":13,"column":7},"end":{"line":26,"column":1}},"locations":[{"start":{"line":13,"column":7},"end":{"line":26,"column":1}}]}},"b":{"0":[5]},"fnMap":{"0":{"name":"AppContent","decl":{"start":{"line":13,"column":7},"end":{"line":26,"column":1}},"loc":{"start":{"line":13,"column":7},"end":{"line":26,"column":1}},"line":13}},"f":{"0":5}}
,"/Users/doberkofler/MyShare/doberkofler/ai-test-rest-router/client/src/components/protected-route.tsx": {"path":"/Users/doberkofler/MyShare/doberkofler/ai-test-rest-router/client/src/components/protected-route.tsx","all":false,"statementMap":{"0":{"start":{"line":1,"column":0},"end":{"line":1,"column":26}},"1":{"start":{"line":2,"column":0},"end":{"line":2,"column":63}},"2":{"start":{"line":3,"column":0},"end":{"line":3,"column":49}},"8":{"start":{"line":9,"column":0},"end":{"line":9,"column":47}},"9":{"start":{"line":10,"column":0},"end":{"line":10,"column":37}},"10":{"start":{"line":11,"column":0},"end":{"line":11,"column":32}},"12":{"start":{"line":13,"column":0},"end":{"line":13,"column":97}},"13":{"start":{"line":14,"column":0},"end":{"line":14,"column":2}}},"s":{"0":1,"1":1,"2":1,"8":1,"9":5,"10":5,"12":5,"13":5},"branchMap":{"0":{"type":"branch","line":1,"loc":{"start":{"line":1,"column":18},"end":{"line":1,"column":26}},"locations":[{"start":{"line":1,"column":18},"end":{"line":1,"column":26}}]},"1":{"type":"branch","line":9,"loc":{"start":{"line":9,"column":40},"end":{"line":14,"column":2}},"locations":[{"start":{"line":9,"column":40},"end":{"line":14,"column":2}}]},"2":{"type":"branch","line":13,"loc":{"start":{"line":13,"column":8},"end":{"line":13,"column":39}},"locations":[{"start":{"line":13,"column":8},"end":{"line":13,"column":39}}]},"3":{"type":"branch","line":13,"loc":{"start":{"line":13,"column":34},"end":{"line":13,"column":97}},"locations":[{"start":{"line":13,"column":34},"end":{"line":13,"column":97}}]}},"b":{"0":[0],"1":[5],"2":[1],"3":[4]},"fnMap":{"0":{"name":"ProtectedRoute","decl":{"start":{"line":9,"column":40},"end":{"line":14,"column":2}},"loc":{"start":{"line":9,"column":40},"end":{"line":14,"column":2}},"line":9}},"f":{"0":5}}
,"/Users/doberkofler/MyShare/doberkofler/ai-test-rest-router/client/src/contexts/auth-context.tsx": {"path":"/Users/doberkofler/MyShare/doberkofler/ai-test-rest-router/client/src/contexts/auth-context.tsx","all":false,"statementMap":{"0":{"start":{"line":1,"column":0},"end":{"line":1,"column":65}},"1":{"start":{"line":2,"column":0},"end":{"line":2,"column":53}},"18":{"start":{"line":19,"column":0},"end":{"line":19,"column":74}},"31":{"start":{"line":32,"column":0},"end":{"line":32,"column":74}},"32":{"start":{"line":33,"column":0},"end":{"line":33,"column":52}},"33":{"start":{"line":34,"column":0},"end":{"line":34,"column":50}},"34":{"start":{"line":35,"column":0},"end":{"line":35,"column":14}},"35":{"start":{"line":36,"column":0},"end":{"line":36,"column":8}},"36":{"start":{"line":37,"column":0},"end":{"line":37,"column":50}},"37":{"start":{"line":38,"column":0},"end":{"line":38,"column":26}},"38":{"start":{"line":39,"column":0},"end":{"line":39,"column":12}},"40":{"start":{"line":41,"column":0},"end":{"line":41,"column":4}},"41":{"start":{"line":42,"column":0},"end":{"line":42,"column":3}},"42":{"start":{"line":43,"column":0},"end":{"line":43,"column":14}},"43":{"start":{"line":44,"column":0},"end":{"line":44,"column":4}},"44":{"start":{"line":45,"column":0},"end":{"line":45,"column":38}},"46":{"start":{"line":47,"column":0},"end":{"line":47,"column":41}},"47":{"start":{"line":48,"column":0},"end":{"line":48,"column":20}},"48":{"start":{"line":49,"column":0},"end":{"line":49,"column":62}},"49":{"start":{"line":50,"column":0},"end":{"line":50,"column":3}},"51":{"start":{"line":52,"column":0},"end":{"line":52,"column":23}},"52":{"start":{"line":53,"column":0},"end":{"line":53,"column":16}},"53":{"start":{"line":54,"column":0},"end":{"line":54,"column":39}},"54":{"start":{"line":55,"column":0},"end":{"line":55,"column":22}},"55":{"start":{"line":56,"column":0},"end":{"line":56,"column":3}},"57":{"start":{"line":58,"column":0},"end":{"line":58,"column":39}},"59":{"start":{"line":60,"column":0},"end":{"line":60,"column":9}},"60":{"start":{"line":61,"column":0},"end":{"line":61,"column":71}},"61":{"start":{"line":62,"column":0},"end":{"line":62,"column":13}},"62":{"start":{"line":63,"column":0},"end":{"line":63,"column":25}},"64":{"start":{"line":65,"column":0},"end":{"line":65,"column":2}},"70":{"start":{"line":71,"column":0},"end":{"line":71,"column":30}},"71":{"start":{"line":72,"column":0},"end":{"line":72,"column":41}},"72":{"start":{"line":73,"column":0},"end":{"line":73,"column":29}},"73":{"start":{"line":74,"column":0},"end":{"line":74,"column":65}},"74":{"start":{"line":75,"column":0},"end":{"line":75,"column":2}},"75":{"start":{"line":76,"column":0},"end":{"line":76,"column":16}},"76":{"start":{"line":77,"column":0},"end":{"line":77,"column":2}}},"s":{"0":1,"1":1,"18":1,"31":1,"32":44,"33":42,"34":42,"35":13,"36":13,"37":13,"38":13,"40":7,"41":13,"42":36,"43":44,"44":44,"46":44,"47":2,"48":2,"49":2,"51":44,"52":2,"53":2,"54":2,"55":2,"57":44,"59":44,"60":44,"61":44,"62":44,"64":44,"70":1,"71":41,"72":41,"73":2,"74":2,"75":38,"76":38},"branchMap":{"0":{"type":"branch","line":1,"loc":{"start":{"line":1,"column":57},"end":{"line":1,"column":65}},"locations":[{"start":{"line":1,"column":57},"end":{"line":1,"column":65}}]},"1":{"type":"branch","line":32,"loc":{"start":{"line":32,"column":57},"end":{"line":65,"column":2}},"locations":[{"start":{"line":32,"column":57},"end":{"line":65,"column":2}}]},"2":{"type":"branch","line":33,"loc":{"start":{"line":33,"column":45},"end":{"line":44,"column":2}},"locations":[{"start":{"line":33,"column":45},"end":{"line":44,"column":2}}]},"3":{"type":"branch","line":35,"loc":{"start":{"line":35,"column":13},"end":{"line":42,"column":3}},"locations":[{"start":{"line":35,"column":13},"end":{"line":42,"column":3}}]},"4":{"type":"branch","line":38,"loc":{"start":{"line":38,"column":11},"end":{"line":38,"column":26}},"locations":[{"start":{"line":38,"column":11},"end":{"line":38,"column":26}}]},"5":{"type":"branch","line":39,"loc":{"start":{"line":39,"column":3},"end":{"line":41,"column":4}},"locations":[{"start":{"line":39,"column":3},"end":{"line":41,"column":4}}]},"6":{"type":"branch","line":42,"loc":{"start":{"line":42,"column":2},"end":{"line":43,"column":14}},"locations":[{"start":{"line":42,"column":2},"end":{"line":43,"column":14}}]},"7":{"type":"branch","line":47,"loc":{"start":{"line":47,"column":15},"end":{"line":50,"column":3}},"locations":[{"start":{"line":47,"column":15},"end":{"line":50,"column":3}}]},"8":{"type":"branch","line":52,"loc":{"start":{"line":52,"column":16},"end":{"line":56,"column":3}},"locations":[{"start":{"line":52,"column":16},"end":{"line":56,"column":3}}]},"9":{"type":"branch","line":71,"loc":{"start":{"line":71,"column":23},"end":{"line":77,"column":2}},"locations":[{"start":{"line":71,"column":23},"end":{"line":77,"column":2}}]},"10":{"type":"branch","line":73,"loc":{"start":{"line":73,"column":28},"end":{"line":75,"column":2}},"locations":[{"start":{"line":73,"column":28},"end":{"line":75,"column":2}}]},"11":{"type":"branch","line":75,"loc":{"start":{"line":75,"column":1},"end":{"line":77,"column":2}},"locations":[{"start":{"line":75,"column":1},"end":{"line":77,"column":2}}]}},"b":{"0":[0],"1":[44],"2":[42],"3":[13],"4":[2],"5":[7],"6":[36],"7":[2],"8":[2],"9":[41],"10":[2],"11":[38]},"fnMap":{"0":{"name":"AuthProvider","decl":{"start":{"line":32,"column":57},"end":{"line":65,"column":2}},"loc":{"start":{"line":32,"column":57},"end":{"line":65,"column":2}},"line":32},"1":{"name":"login","decl":{"start":{"line":47,"column":15},"end":{"line":50,"column":3}},"loc":{"start":{"line":47,"column":15},"end":{"line":50,"column":3}},"line":47},"2":{"name":"logout","decl":{"start":{"line":52,"column":16},"end":{"line":56,"column":3}},"loc":{"start":{"line":52,"column":16},"end":{"line":56,"column":3}},"line":52},"3":{"name":"useAuth","decl":{"start":{"line":71,"column":23},"end":{"line":77,"column":2}},"loc":{"start":{"line":71,"column":23},"end":{"line":77,"column":2}},"line":71}},"f":{"0":44,"1":2,"2":2,"3":41}}
,"/Users/doberkofler/MyShare/doberkofler/ai-test-rest-router/client/src/hooks/use-theme.ts": {"path":"/Users/doberkofler/MyShare/doberkofler/ai-test-rest-router/client/src/hooks/use-theme.ts","all":false,"statementMap":{"0":{"start":{"line":1,"column":0},"end":{"line":1,"column":42}},"7":{"start":{"line":8,"column":0},"end":{"line":8,"column":31}},"8":{"start":{"line":9,"column":0},"end":{"line":9,"column":50}},"9":{"start":{"line":10,"column":0},"end":{"line":10,"column":50}},"10":{"start":{"line":11,"column":0},"end":{"line":11,"column":26}},"11":{"start":{"line":12,"column":0},"end":{"line":12,"column":18}},"12":{"start":{"line":13,"column":0},"end":{"line":13,"column":3}},"13":{"start":{"line":14,"column":0},"end":{"line":14,"column":25}},"14":{"start":{"line":15,"column":0},"end":{"line":15,"column":17}},"15":{"start":{"line":16,"column":0},"end":{"line":16,"column":3}},"16":{"start":{"line":17,"column":0},"end":{"line":17,"column":18}},"17":{"start":{"line":18,"column":0},"end":{"line":18,"column":4}},"19":{"start":{"line":20,"column":0},"end":{"line":20,"column":18}},"20":{"start":{"line":21,"column":0},"end":{"line":21,"column":51}},"21":{"start":{"line":22,"column":0},"end":{"line":22,"column":41}},"23":{"start":{"line":24,"column":0},"end":{"line":24,"column":70}},"24":{"start":{"line":25,"column":0},"end":{"line":25,"column":31}},"25":{"start":{"line":26,"column":0},"end":{"line":26,"column":82}},"27":{"start":{"line":28,"column":0},"end":{"line":28,"column":37}},"28":{"start":{"line":29,"column":0},"end":{"line":29,"column":43}},"31":{"start":{"line":32,"column":0},"end":{"line":32,"column":27}},"32":{"start":{"line":33,"column":0},"end":{"line":33,"column":31}},"33":{"start":{"line":34,"column":0},"end":{"line":34,"column":88}},"34":{"start":{"line":35,"column":0},"end":{"line":35,"column":43}},"35":{"start":{"line":36,"column":0},"end":{"line":36,"column":57}},"36":{"start":{"line":37,"column":0},"end":{"line":37,"column":5}},"37":{"start":{"line":38,"column":0},"end":{"line":38,"column":50}},"38":{"start":{"line":39,"column":0},"end":{"line":39,"column":17}},"39":{"start":{"line":40,"column":0},"end":{"line":40,"column":54}},"40":{"start":{"line":41,"column":0},"end":{"line":41,"column":5}},"41":{"start":{"line":42,"column":0},"end":{"line":42,"column":3}},"42":{"start":{"line":43,"column":0},"end":{"line":43,"column":13}},"44":{"start":{"line":45,"column":0},"end":{"line":45,"column":26}},"45":{"start":{"line":46,"column":0},"end":{"line":46,"column":2}},"46":{"start":{"line":47,"column":0},"end":{"line":47,"column":24}}},"s":{"0":1,"7":1,"8":49,"9":15,"10":15,"11":1,"12":1,"13":15,"14":1,"15":1,"16":13,"17":49,"19":49,"20":18,"21":18,"23":18,"24":18,"25":18,"27":18,"28":18,"31":18,"32":14,"33":1,"34":1,"35":1,"36":1,"37":14,"38":14,"39":14,"40":14,"41":14,"42":49,"44":49,"45":49,"46":1},"branchMap":{"0":{"type":"branch","line":8,"loc":{"start":{"line":8,"column":24},"end":{"line":46,"column":2}},"locations":[{"start":{"line":8,"column":24},"end":{"line":46,"column":2}}]},"1":{"type":"branch","line":9,"loc":{"start":{"line":9,"column":43},"end":{"line":18,"column":2}},"locations":[{"start":{"line":9,"column":43},"end":{"line":18,"column":2}}]},"2":{"type":"branch","line":11,"loc":{"start":{"line":11,"column":25},"end":{"line":13,"column":3}},"locations":[{"start":{"line":11,"column":25},"end":{"line":13,"column":3}}]},"3":{"type":"branch","line":13,"loc":{"start":{"line":13,"column":2},"end":{"line":14,"column":24}},"locations":[{"start":{"line":13,"column":2},"end":{"line":14,"column":24}}]},"4":{"type":"branch","line":14,"loc":{"start":{"line":14,"column":24},"end":{"line":16,"column":3}},"locations":[{"start":{"line":14,"column":24},"end":{"line":16,"column":3}}]},"5":{"type":"branch","line":16,"loc":{"start":{"line":16,"column":2},"end":{"line":17,"column":18}},"locations":[{"start":{"line":16,"column":2},"end":{"line":17,"column":18}}]},"6":{"type":"branch","line":20,"loc":{"start":{"line":20,"column":11},"end":{"line":43,"column":4}},"locations":[{"start":{"line":20,"column":11},"end":{"line":43,"column":4}}]},"7":{"type":"branch","line":26,"loc":{"start":{"line":26,"column":35},"end":{"line":26,"column":76}},"locations":[{"start":{"line":26,"column":35},"end":{"line":26,"column":76}}]},"8":{"type":"branch","line":26,"loc":{"start":{"line":26,"column":47},"end":{"line":26,"column":65}},"locations":[{"start":{"line":26,"column":47},"end":{"line":26,"column":65}}]},"9":{"type":"branch","line":26,"loc":{"start":{"line":26,"column":56},"end":{"line":26,"column":76}},"locations":[{"start":{"line":26,"column":56},"end":{"line":26,"column":76}}]},"10":{"type":"branch","line":26,"loc":{"start":{"line":26,"column":65},"end":{"line":26,"column":82}},"locations":[{"start":{"line":26,"column":65},"end":{"line":26,"column":82}}]},"11":{"type":"branch","line":32,"loc":{"start":{"line":32,"column":26},"end":{"line":42,"column":3}},"locations":[{"start":{"line":32,"column":26},"end":{"line":42,"column":3}}]},"12":{"type":"branch","line":33,"loc":{"start":{"line":33,"column":24},"end":{"line":37,"column":5}},"locations":[{"start":{"line":33,"column":24},"end":{"line":37,"column":5}}]},"13":{"type":"branch","line":36,"loc":{"start":{"line":36,"column":39},"end":{"line":36,"column":55}},"locations":[{"start":{"line":36,"column":39},"end":{"line":36,"column":55}}]},"14":{"type":"branch","line":39,"loc":{"start":{"line":39,"column":10},"end":{"line":41,"column":5}},"locations":[{"start":{"line":39,"column":10},"end":{"line":41,"column":5}}]}},"b":{"0":[49],"1":[15],"2":[1],"3":[14],"4":[1],"5":[13],"6":[18],"7":[14],"8":[11],"9":[3],"10":[4],"11":[14],"12":[1],"13":[0],"14":[14]},"fnMap":{"0":{"name":"useTheme","decl":{"start":{"line":8,"column":24},"end":{"line":46,"column":2}},"loc":{"start":{"line":8,"column":24},"end":{"line":46,"column":2}},"line":8},"1":{"name":"handleChange","decl":{"start":{"line":33,"column":24},"end":{"line":37,"column":5}},"loc":{"start":{"line":33,"column":24},"end":{"line":37,"column":5}},"line":33}},"f":{"0":49,"1":1}}
,"/Users/doberkofler/MyShare/doberkofler/ai-test-rest-router/client/src/layouts/main-layout.tsx": {"path":"/Users/doberkofler/MyShare/doberkofler/ai-test-rest-router/client/src/layouts/main-layout.tsx","all":false,"statementMap":{"0":{"start":{"line":1,"column":0},"end":{"line":1,"column":26}},"1":{"start":{"line":2,"column":0},"end":{"line":2,"column":62}},"2":{"start":{"line":3,"column":0},"end":{"line":3,"column":49}},"8":{"start":{"line":9,"column":0},"end":{"line":9,"column":43}},"9":{"start":{"line":10,"column":0},"end":{"line":10,"column":28}},"10":{"start":{"line":11,"column":0},"end":{"line":11,"column":32}},"12":{"start":{"line":13,"column":0},"end":{"line":13,"column":29}},"13":{"start":{"line":14,"column":0},"end":{"line":14,"column":50}},"14":{"start":{"line":15,"column":0},"end":{"line":15,"column":18}},"15":{"start":{"line":16,"column":0},"end":{"line":16,"column":26}},"16":{"start":{"line":17,"column":0},"end":{"line":17,"column":4}},"17":{"start":{"line":18,"column":0},"end":{"line":18,"column":16}},"18":{"start":{"line":19,"column":0},"end":{"line":19,"column":13}},"19":{"start":{"line":20,"column":0},"end":{"line":20,"column":23}},"20":{"start":{"line":21,"column":0},"end":{"line":21,"column":5}},"21":{"start":{"line":22,"column":0},"end":{"line":22,"column":31}},"22":{"start":{"line":23,"column":0},"end":{"line":23,"column":42}},"23":{"start":{"line":24,"column":0},"end":{"line":24,"column":49}},"24":{"start":{"line":25,"column":0},"end":{"line":25,"column":23}},"25":{"start":{"line":26,"column":0},"end":{"line":26,"column":6}},"26":{"start":{"line":27,"column":0},"end":{"line":27,"column":3}},"28":{"start":{"line":29,"column":0},"end":{"line":29,"column":9}},"29":{"start":{"line":30,"column":0},"end":{"line":30,"column":36}},"30":{"start":{"line":31,"column":0},"end":{"line":31,"column":81}},"31":{"start":{"line":32,"column":0},"end":{"line":32,"column":27}},"32":{"start":{"line":33,"column":0},"end":{"line":33,"column":9}},"33":{"start":{"line":34,"column":0},"end":{"line":34,"column":10}},"34":{"start":{"line":35,"column":0},"end":{"line":35,"column":92}},"35":{"start":{"line":36,"column":0},"end":{"line":36,"column":11}},"36":{"start":{"line":37,"column":0},"end":{"line":37,"column":10}},"37":{"start":{"line":38,"column":0},"end":{"line":38,"column":98}},"38":{"start":{"line":39,"column":0},"end":{"line":39,"column":11}},"39":{"start":{"line":40,"column":0},"end":{"line":40,"column":10}},"40":{"start":{"line":41,"column":0},"end":{"line":41,"column":104}},"41":{"start":{"line":42,"column":0},"end":{"line":42,"column":11}},"42":{"start":{"line":43,"column":0},"end":{"line":43,"column":10}},"43":{"start":{"line":44,"column":0},"end":{"line":44,"column":10}},"44":{"start":{"line":45,"column":0},"end":{"line":45,"column":12}},"45":{"start":{"line":46,"column":0},"end":{"line":46,"column":27}},"46":{"start":{"line":47,"column":0},"end":{"line":47,"column":146}},"47":{"start":{"line":48,"column":0},"end":{"line":48,"column":5}},"49":{"start":{"line":50,"column":0},"end":{"line":50,"column":13}},"50":{"start":{"line":51,"column":0},"end":{"line":51,"column":11}},"51":{"start":{"line":52,"column":0},"end":{"line":52,"column":29}},"52":{"start":{"line":53,"column":0},"end":{"line":53,"column":14}},"53":{"start":{"line":54,"column":0},"end":{"line":54,"column":10}},"54":{"start":{"line":55,"column":0},"end":{"line":55,"column":8}},"56":{"start":{"line":57,"column":0},"end":{"line":57,"column":2}}},"s":{"0":1,"1":1,"2":1,"8":1,"9":6,"10":6,"12":6,"13":2,"14":2,"15":2,"16":2,"17":2,"18":1,"19":1,"20":2,"21":2,"22":1,"23":1,"24":1,"25":2,"26":2,"28":6,"29":6,"30":6,"31":6,"32":6,"33":6,"34":6,"35":6,"36":6,"37":6,"38":6,"39":6,"40":6,"41":6,"42":6,"43":6,"44":6,"45":6,"46":6,"47":6,"49":6,"50":6,"51":6,"52":6,"53":6,"54":6,"56":6},"branchMap":{"0":{"type":"branch","line":1,"loc":{"start":{"line":1,"column":18},"end":{"line":1,"column":26}},"locations":[{"start":{"line":1,"column":18},"end":{"line":1,"column":26}}]},"1":{"type":"branch","line":9,"loc":{"start":{"line":9,"column":36},"end":{"line":57,"column":2}},"locations":[{"start":{"line":9,"column":36},"end":{"line":57,"column":2}}]},"2":{"type":"branch","line":13,"loc":{"start":{"line":13,"column":22},"end":{"line":27,"column":3}},"locations":[{"start":{"line":13,"column":22},"end":{"line":27,"column":3}}]},"3":{"type":"branch","line":18,"loc":{"start":{"line":18,"column":9},"end":{"line":21,"column":4}},"locations":[{"start":{"line":18,"column":9},"end":{"line":21,"column":4}}]},"4":{"type":"branch","line":22,"loc":{"start":{"line":22,"column":10},"end":{"line":26,"column":4}},"locations":[{"start":{"line":22,"column":10},"end":{"line":26,"column":4}}]},"5":{"type":"branch","line":35,"loc":{"start":{"line":35,"column":34},"end":{"line":35,"column":78}},"locations":[{"start":{"line":35,"column":34},"end":{"line":35,"column":78}}]},"6":{"type":"branch","line":35,"loc":{"start":{"line":35,"column":51},"end":{"line":35,"column":73}},"locations":[{"start":{"line":35,"column":51},"end":{"line":35,"column":73}}]},"7":{"type":"branch","line":35,"loc":{"start":{"line":35,"column":62},"end":{"line":35,"column":78}},"locations":[{"start":{"line":35,"column":62},"end":{"line":35,"column":78}}]},"8":{"type":"branch","line":38,"loc":{"start":{"line":38,"column":39},"end":{"line":38,"column":83}},"locations":[{"start":{"line":38,"column":39},"end":{"line":38,"column":83}}]},"9":{"type":"branch","line":38,"loc":{"start":{"line":38,"column":56},"end":{"line":38,"column":78}},"locations":[{"start":{"line":38,"column":56},"end":{"line":38,"column":78}}]},"10":{"type":"branch","line":38,"loc":{"start":{"line":38,"column":67},"end":{"line":38,"column":83}},"locations":[{"start":{"line":38,"column":67},"end":{"line":38,"column":83}}]},"11":{"type":"branch","line":41,"loc":{"start":{"line":41,"column":42},"end":{"line":41,"column":86}},"locations":[{"start":{"line":41,"column":42},"end":{"line":41,"column":86}}]},"12":{"type":"branch","line":41,"loc":{"start":{"line":41,"column":59},"end":{"line":41,"column":81}},"locations":[{"start":{"line":41,"column":59},"end":{"line":41,"column":81}}]},"13":{"type":"branch","line":41,"loc":{"start":{"line":41,"column":70},"end":{"line":41,"column":86}},"locations":[{"start":{"line":41,"column":70},"end":{"line":41,"column":86}}]}},"b":{"0":[0],"1":[6],"2":[2],"3":[1],"4":[1],"5":[6],"6":[4],"7":[2],"8":[6],"9":[1],"10":[5],"11":[6],"12":[1],"13":[5]},"fnMap":{"0":{"name":"MainLayout","decl":{"start":{"line":9,"column":36},"end":{"line":57,"column":2}},"loc":{"start":{"line":9,"column":36},"end":{"line":57,"column":2}},"line":9},"1":{"name":"handleLogout","decl":{"start":{"line":13,"column":22},"end":{"line":27,"column":3}},"loc":{"start":{"line":13,"column":22},"end":{"line":27,"column":3}},"line":13},"2":{"name":"className","decl":{"start":{"line":35,"column":34},"end":{"line":35,"column":78}},"loc":{"start":{"line":35,"column":34},"end":{"line":35,"column":78}},"line":35},"3":{"name":"className","decl":{"start":{"line":38,"column":39},"end":{"line":38,"column":83}},"loc":{"start":{"line":38,"column":39},"end":{"line":38,"column":83}},"line":38},"4":{"name":"className","decl":{"start":{"line":41,"column":42},"end":{"line":41,"column":86}},"loc":{"start":{"line":41,"column":42},"end":{"line":41,"column":86}},"line":41}},"f":{"0":6,"1":2,"2":6,"3":6,"4":6}}
,"/Users/doberkofler/MyShare/doberkofler/ai-test-rest-router/client/src/pages/about-page.tsx": {"path":"/Users/doberkofler/MyShare/doberkofler/ai-test-rest-router/client/src/pages/about-page.tsx","all":false,"statementMap":{"0":{"start":{"line":1,"column":0},"end":{"line":1,"column":49}},"1":{"start":{"line":2,"column":0},"end":{"line":2,"column":47}},"2":{"start":{"line":3,"column":0},"end":{"line":3,"column":49}},"8":{"start":{"line":9,"column":0},"end":{"line":9,"column":58}},"9":{"start":{"line":10,"column":0},"end":{"line":10,"column":60}},"10":{"start":{"line":11,"column":0},"end":{"line":11,"column":25}},"11":{"start":{"line":12,"column":0},"end":{"line":12,"column":4}},"12":{"start":{"line":13,"column":0},"end":{"line":13,"column":14}},"13":{"start":{"line":14,"column":0},"end":{"line":14,"column":41}},"14":{"start":{"line":15,"column":0},"end":{"line":15,"column":38}},"15":{"start":{"line":16,"column":0},"end":{"line":16,"column":2}},"16":{"start":{"line":17,"column":0},"end":{"line":17,"column":65}},"17":{"start":{"line":18,"column":0},"end":{"line":18,"column":2}},"23":{"start":{"line":24,"column":0},"end":{"line":24,"column":42}},"24":{"start":{"line":25,"column":0},"end":{"line":25,"column":72}},"26":{"start":{"line":27,"column":0},"end":{"line":27,"column":8}},"27":{"start":{"line":28,"column":0},"end":{"line":28,"column":19}},"28":{"start":{"line":29,"column":0},"end":{"line":29,"column":8}},"29":{"start":{"line":30,"column":0},"end":{"line":30,"column":12}},"30":{"start":{"line":31,"column":0},"end":{"line":31,"column":15}},"31":{"start":{"line":32,"column":0},"end":{"line":32,"column":27}},"32":{"start":{"line":33,"column":0},"end":{"line":33,"column":27}},"33":{"start":{"line":34,"column":0},"end":{"line":34,"column":24}},"34":{"start":{"line":35,"column":0},"end":{"line":35,"column":4}},"36":{"start":{"line":37,"column":0},"end":{"line":37,"column":18}},"37":{"start":{"line":38,"column":0},"end":{"line":38,"column":35}},"38":{"start":{"line":39,"column":0},"end":{"line":39,"column":43}},"39":{"start":{"line":40,"column":0},"end":{"line":40,"column":11}},"40":{"start":{"line":41,"column":0},"end":{"line":41,"column":16}},"41":{"start":{"line":42,"column":0},"end":{"line":42,"column":24}},"42":{"start":{"line":43,"column":0},"end":{"line":43,"column":4}},"43":{"start":{"line":44,"column":0},"end":{"line":44,"column":8}},"45":{"start":{"line":46,"column":0},"end":{"line":46,"column":9}},"46":{"start":{"line":47,"column":0},"end":{"line":47,"column":7}},"47":{"start":{"line":48,"column":0},"end":{"line":48,"column":17}},"49":{"start":{"line":50,"column":0},"end":{"line":50,"column":12}},"50":{"start":{"line":51,"column":0},"end":{"line":51,"column":31}},"51":{"start":{"line":52,"column":0},"end":{"line":52,"column":8}},"52":{"start":{"line":53,"column":0},"end":{"line":53,"column":52}},"53":{"start":{"line":54,"column":0},"end":{"line":54,"column":40}},"54":{"start":{"line":55,"column":0},"end":{"line":55,"column":44}},"55":{"start":{"line":56,"column":0},"end":{"line":56,"column":9}},"56":{"start":{"line":57,"column":0},"end":{"line":57,"column":13}},"58":{"start":{"line":59,"column":0},"end":{"line":59,"column":12}},"59":{"start":{"line":60,"column":0},"end":{"line":60,"column":31}},"60":{"start":{"line":61,"column":0},"end":{"line":61,"column":32}},"61":{"start":{"line":62,"column":0},"end":{"line":62,"column":57}},"63":{"start":{"line":64,"column":0},"end":{"line":64,"column":18}},"64":{"start":{"line":65,"column":0},"end":{"line":65,"column":34}},"66":{"start":{"line":67,"column":0},"end":{"line":67,"column":20}},"67":{"start":{"line":68,"column":0},"end":{"line":68,"column":10}},"68":{"start":{"line":69,"column":0},"end":{"line":69,"column":60}},"69":{"start":{"line":70,"column":0},"end":{"line":70,"column":53}},"70":{"start":{"line":71,"column":0},"end":{"line":71,"column":54}},"71":{"start":{"line":72,"column":0},"end":{"line":72,"column":60}},"72":{"start":{"line":73,"column":0},"end":{"line":73,"column":11}},"75":{"start":{"line":76,"column":0},"end":{"line":76,"column":13}},"76":{"start":{"line":77,"column":0},"end":{"line":77,"column":8}},"78":{"start":{"line":79,"column":0},"end":{"line":79,"column":2}}},"s":{"0":1,"1":1,"2":1,"8":1,"9":4,"10":4,"11":4,"12":4,"13":3,"14":3,"15":3,"16":1,"17":1,"23":1,"24":7,"26":7,"27":7,"28":7,"29":7,"30":7,"31":7,"32":7,"33":7,"34":7,"36":7,"37":4,"38":0,"39":4,"40":4,"41":4,"42":4,"43":7,"45":7,"46":7,"47":7,"49":7,"50":7,"51":7,"52":7,"53":7,"54":7,"55":7,"56":7,"58":7,"59":7,"60":7,"61":3,"63":7,"64":1,"66":6,"67":6,"68":6,"69":6,"70":6,"71":6,"72":6,"75":7,"76":7,"78":7},"branchMap":{"0":{"type":"branch","line":1,"loc":{"start":{"line":1,"column":41},"end":{"line":1,"column":49}},"locations":[{"start":{"line":1,"column":41},"end":{"line":1,"column":49}}]},"1":{"type":"branch","line":9,"loc":{"start":{"line":9,"column":24},"end":{"line":18,"column":2}},"locations":[{"start":{"line":9,"column":24},"end":{"line":18,"column":2}}]},"2":{"type":"branch","line":13,"loc":{"start":{"line":13,"column":13},"end":{"line":16,"column":2}},"locations":[{"start":{"line":13,"column":13},"end":{"line":16,"column":2}}]},"3":{"type":"branch","line":16,"loc":{"start":{"line":16,"column":1},"end":{"line":18,"column":2}},"locations":[{"start":{"line":16,"column":1},"end":{"line":18,"column":2}}]},"4":{"type":"branch","line":24,"loc":{"start":{"line":24,"column":35},"end":{"line":79,"column":2}},"locations":[{"start":{"line":24,"column":35},"end":{"line":79,"column":2}}]},"5":{"type":"branch","line":61,"loc":{"start":{"line":61,"column":22},"end":{"line":62,"column":57}},"locations":[{"start":{"line":61,"column":22},"end":{"line":62,"column":57}}]},"6":{"type":"branch","line":64,"loc":{"start":{"line":64,"column":5},"end":{"line":65,"column":34}},"locations":[{"start":{"line":64,"column":5},"end":{"line":65,"column":34}}]},"7":{"type":"branch","line":65,"loc":{"start":{"line":65,"column":30},"end":{"line":73,"column":11}},"locations":[{"start":{"line":65,"column":30},"end":{"line":73,"column":11}}]},"8":{"type":"branch","line":37,"loc":{"start":{"line":37,"column":11},"end":{"line":44,"column":4}},"locations":[{"start":{"line":37,"column":11},"end":{"line":44,"column":4}}]},"9":{"type":"branch","line":41,"loc":{"start":{"line":41,"column":9},"end":{"line":43,"column":4}},"locations":[{"start":{"line":41,"column":9},"end":{"line":43,"column":4}}]}},"b":{"0":[0],"1":[4],"2":[3],"3":[1],"4":[7],"5":[3],"6":[1],"7":[6],"8":[4],"9":[4]},"fnMap":{"0":{"name":"fetchServerInfo","decl":{"start":{"line":9,"column":24},"end":{"line":18,"column":2}},"loc":{"start":{"line":9,"column":24},"end":{"line":18,"column":2}},"line":9},"1":{"name":"AboutPage","decl":{"start":{"line":24,"column":35},"end":{"line":79,"column":2}},"loc":{"start":{"line":24,"column":35},"end":{"line":79,"column":2}},"line":24}},"f":{"0":4,"1":7}}
,"/Users/doberkofler/MyShare/doberkofler/ai-test-rest-router/client/src/pages/home-page.tsx": {"path":"/Users/doberkofler/MyShare/doberkofler/ai-test-rest-router/client/src/pages/home-page.tsx","all":false,"statementMap":{"0":{"start":{"line":1,"column":0},"end":{"line":1,"column":26}},"6":{"start":{"line":7,"column":0},"end":{"line":7,"column":41}},"7":{"start":{"line":8,"column":0},"end":{"line":8,"column":9}},"8":{"start":{"line":9,"column":0},"end":{"line":9,"column":7}},"9":{"start":{"line":10,"column":0},"end":{"line":10,"column":16}},"10":{"start":{"line":11,"column":0},"end":{"line":11,"column":43}},"11":{"start":{"line":12,"column":0},"end":{"line":12,"column":8}},"13":{"start":{"line":14,"column":0},"end":{"line":14,"column":2}}},"s":{"0":1,"6":1,"7":4,"8":4,"9":4,"10":4,"11":4,"13":4},"branchMap":{"0":{"type":"branch","line":1,"loc":{"start":{"line":1,"column":18},"end":{"line":1,"column":26}},"locations":[{"start":{"line":1,"column":18},"end":{"line":1,"column":26}}]},"1":{"type":"branch","line":7,"loc":{"start":{"line":7,"column":34},"end":{"line":14,"column":2}},"locations":[{"start":{"line":7,"column":34},"end":{"line":14,"column":2}}]}},"b":{"0":[0],"1":[4]},"fnMap":{"0":{"name":"HomePage","decl":{"start":{"line":7,"column":34},"end":{"line":14,"column":2}},"loc":{"start":{"line":7,"column":34},"end":{"line":14,"column":2}},"line":7}},"f":{"0":4}}
,"/Users/doberkofler/MyShare/doberkofler/ai-test-rest-router/client/src/pages/login-page.tsx": {"path":"/Users/doberkofler/MyShare/doberkofler/ai-test-rest-router/client/src/pages/login-page.tsx","all":false,"statementMap":{"0":{"start":{"line":1,"column":0},"end":{"line":1,"column":38}},"1":{"start":{"line":2,"column":0},"end":{"line":2,"column":49}},"2":{"start":{"line":3,"column":0},"end":{"line":3,"column":58}},"13":{"start":{"line":14,"column":0},"end":{"line":14,"column":42}},"14":{"start":{"line":15,"column":0},"end":{"line":15,"column":51}},"15":{"start":{"line":16,"column":0},"end":{"line":16,"column":52}},"16":{"start":{"line":17,"column":0},"end":{"line":17,"column":57}},"17":{"start":{"line":18,"column":0},"end":{"line":18,"column":27}},"18":{"start":{"line":19,"column":0},"end":{"line":19,"column":32}},"19":{"start":{"line":20,"column":0},"end":{"line":20,"column":32}},"21":{"start":{"line":22,"column":0},"end":{"line":22,"column":68}},"22":{"start":{"line":23,"column":0},"end":{"line":23,"column":43}},"24":{"start":{"line":25,"column":0},"end":{"line":25,"column":52}},"25":{"start":{"line":26,"column":0},"end":{"line":26,"column":21}},"26":{"start":{"line":27,"column":0},"end":{"line":27,"column":17}},"28":{"start":{"line":29,"column":0},"end":{"line":29,"column":49}},"29":{"start":{"line":30,"column":0},"end":{"line":30,"column":18}},"30":{"start":{"line":31,"column":0},"end":{"line":31,"column":49}},"31":{"start":{"line":32,"column":0},"end":{"line":32,"column":46}},"32":{"start":{"line":33,"column":0},"end":{"line":33,"column":26}},"33":{"start":{"line":34,"column":0},"end":{"line":34,"column":4}},"34":{"start":{"line":35,"column":0},"end":{"line":35,"column":25}},"35":{"start":{"line":36,"column":0},"end":{"line":36,"column":17}},"36":{"start":{"line":37,"column":0},"end":{"line":37,"column":45}},"37":{"start":{"line":38,"column":0},"end":{"line":38,"column":5}},"38":{"start":{"line":39,"column":0},"end":{"line":39,"column":54}},"39":{"start":{"line":40,"column":0},"end":{"line":40,"column":50}},"40":{"start":{"line":41,"column":0},"end":{"line":41,"column":5}},"41":{"start":{"line":42,"column":0},"end":{"line":42,"column":20}},"42":{"start":{"line":43,"column":0},"end":{"line":43,"column":16}},"43":{"start":{"line":44,"column":0},"end":{"line":44,"column":36}},"44":{"start":{"line":45,"column":0},"end":{"line":45,"column":5}},"45":{"start":{"line":46,"column":0},"end":{"line":46,"column":32}},"46":{"start":{"line":47,"column":0},"end":{"line":47,"column":34}},"47":{"start":{"line":48,"column":0},"end":{"line":48,"column":30}},"48":{"start":{"line":49,"column":0},"end":{"line":49,"column":12}},"49":{"start":{"line":50,"column":0},"end":{"line":50,"column":31}},"50":{"start":{"line":51,"column":0},"end":{"line":51,"column":5}},"51":{"start":{"line":52,"column":0},"end":{"line":52,"column":6}},"52":{"start":{"line":53,"column":0},"end":{"line":53,"column":3}},"54":{"start":{"line":55,"column":0},"end":{"line":55,"column":9}},"55":{"start":{"line":56,"column":0},"end":{"line":56,"column":98}},"56":{"start":{"line":57,"column":0},"end":{"line":57,"column":129}},"57":{"start":{"line":58,"column":0},"end":{"line":58,"column":18}},"58":{"start":{"line":59,"column":0},"end":{"line":59,"column":58}},"59":{"start":{"line":60,"column":0},"end":{"line":60,"column":40}},"60":{"start":{"line":61,"column":0},"end":{"line":61,"column":74}},"61":{"start":{"line":62,"column":0},"end":{"line":62,"column":11}},"62":{"start":{"line":63,"column":0},"end":{"line":63,"column":19}},"63":{"start":{"line":64,"column":0},"end":{"line":64,"column":17}},"64":{"start":{"line":65,"column":0},"end":{"line":65,"column":22}},"65":{"start":{"line":66,"column":0},"end":{"line":66,"column":24}},"66":{"start":{"line":67,"column":0},"end":{"line":67,"column":35}},"67":{"start":{"line":68,"column":0},"end":{"line":68,"column":8}},"68":{"start":{"line":69,"column":0},"end":{"line":69,"column":112}},"69":{"start":{"line":70,"column":0},"end":{"line":70,"column":7}},"70":{"start":{"line":71,"column":0},"end":{"line":71,"column":10}},"71":{"start":{"line":72,"column":0},"end":{"line":72,"column":40}},"72":{"start":{"line":73,"column":0},"end":{"line":73,"column":74}},"73":{"start":{"line":74,"column":0},"end":{"line":74,"column":11}},"74":{"start":{"line":75,"column":0},"end":{"line":75,"column":19}},"75":{"start":{"line":76,"column":0},"end":{"line":76,"column":21}},"76":{"start":{"line":77,"column":0},"end":{"line":77,"column":22}},"77":{"start":{"line":78,"column":0},"end":{"line":78,"column":24}},"78":{"start":{"line":79,"column":0},"end":{"line":79,"column":35}},"79":{"start":{"line":80,"column":0},"end":{"line":80,"column":8}},"80":{"start":{"line":81,"column":0},"end":{"line":81,"column":112}},"81":{"start":{"line":82,"column":0},"end":{"line":82,"column":7}},"82":{"start":{"line":83,"column":0},"end":{"line":83,"column":10}},"83":{"start":{"line":84,"column":0},"end":{"line":84,"column":164}},"85":{"start":{"line":86,"column":0},"end":{"line":86,"column":13}},"86":{"start":{"line":87,"column":0},"end":{"line":87,"column":10}},"87":{"start":{"line":88,"column":0},"end":{"line":88,"column":8}},"89":{"start":{"line":90,"column":0},"end":{"line":90,"column":2}}},"s":{"0":1,"1":1,"2":1,"13":1,"14":26,"15":26,"16":26,"17":26,"18":26,"19":26,"21":26,"22":26,"24":26,"25":6,"26":6,"28":6,"29":6,"30":6,"31":6,"32":6,"33":6,"34":6,"35":5,"36":2,"37":2,"38":3,"39":5,"40":6,"41":6,"42":2,"43":2,"44":6,"45":6,"46":4,"47":3,"48":4,"49":1,"50":1,"51":6,"52":6,"54":26,"55":26,"56":26,"57":26,"58":26,"59":26,"60":26,"61":26,"62":26,"63":26,"64":26,"65":26,"66":1,"67":1,"68":26,"69":26,"70":26,"71":26,"72":26,"73":26,"74":26,"75":26,"76":26,"77":26,"78":1,"79":1,"80":26,"81":26,"82":26,"83":26,"85":26,"86":26,"87":26,"89":26},"branchMap":{"0":{"type":"branch","line":1,"loc":{"start":{"line":1,"column":30},"end":{"line":1,"column":38}},"locations":[{"start":{"line":1,"column":30},"end":{"line":1,"column":38}}]},"1":{"type":"branch","line":14,"loc":{"start":{"line":14,"column":35},"end":{"line":90,"column":2}},"locations":[{"start":{"line":14,"column":35},"end":{"line":90,"column":2}}]},"2":{"type":"branch","line":23,"loc":{"start":{"line":23,"column":14},"end":{"line":23,"column":39}},"locations":[{"start":{"line":23,"column":14},"end":{"line":23,"column":39}}]},"3":{"type":"branch","line":23,"loc":{"start":{"line":23,"column":27},"end":{"line":23,"column":43}},"locations":[{"start":{"line":23,"column":27},"end":{"line":23,"column":43}}]},"4":{"type":"branch","line":59,"loc":{"start":{"line":59,"column":5},"end":{"line":59,"column":53}},"locations":[{"start":{"line":59,"column":5},"end":{"line":59,"column":53}}]},"5":{"type":"branch","line":59,"loc":{"start":{"line":59,"column":46},"end":{"line":59,"column":58}},"locations":[{"start":{"line":59,"column":46},"end":{"line":59,"column":58}}]},"6":{"type":"branch","line":25,"loc":{"start":{"line":25,"column":22},"end":{"line":53,"column":3}},"locations":[{"start":{"line":25,"column":22},"end":{"line":53,"column":3}}]},"7":{"type":"branch","line":35,"loc":{"start":{"line":35,"column":9},"end":{"line":41,"column":4}},"locations":[{"start":{"line":35,"column":9},"end":{"line":41,"column":4}}]},"8":{"type":"branch","line":36,"loc":{"start":{"line":36,"column":16},"end":{"line":38,"column":5}},"locations":[{"start":{"line":36,"column":16},"end":{"line":38,"column":5}}]},"9":{"type":"branch","line":38,"loc":{"start":{"line":38,"column":4},"end":{"line":39,"column":54}},"locations":[{"start":{"line":38,"column":4},"end":{"line":39,"column":54}}]},"10":{"type":"branch","line":39,"loc":{"start":{"line":39,"column":32},"end":{"line":40,"column":34}},"locations":[{"start":{"line":39,"column":32},"end":{"line":40,"column":34}}]},"11":{"type":"branch","line":40,"loc":{"start":{"line":40,"column":25},"end":{"line":40,"column":48}},"locations":[{"start":{"line":40,"column":25},"end":{"line":40,"column":48}}]},"12":{"type":"branch","line":42,"loc":{"start":{"line":42,"column":9},"end":{"line":45,"column":4}},"locations":[{"start":{"line":42,"column":9},"end":{"line":45,"column":4}}]},"13":{"type":"branch","line":46,"loc":{"start":{"line":46,"column":10},"end":{"line":52,"column":4}},"locations":[{"start":{"line":46,"column":10},"end":{"line":52,"column":4}}]},"14":{"type":"branch","line":47,"loc":{"start":{"line":47,"column":33},"end":{"line":49,"column":11}},"locations":[{"start":{"line":47,"column":33},"end":{"line":49,"column":11}}]},"15":{"type":"branch","line":49,"loc":{"start":{"line":49,"column":4},"end":{"line":51,"column":5}},"locations":[{"start":{"line":49,"column":4},"end":{"line":51,"column":5}}]},"16":{"type":"branch","line":66,"loc":{"start":{"line":66,"column":16},"end":{"line":68,"column":8}},"locations":[{"start":{"line":66,"column":16},"end":{"line":68,"column":8}}]},"17":{"type":"branch","line":78,"loc":{"start":{"line":78,"column":16},"end":{"line":80,"column":8}},"locations":[{"start":{"line":78,"column":16},"end":{"line":80,"column":8}}]}},"b":{"0":[0],"1":[26],"2":[4],"3":[22],"4":[8],"5":[18],"6":[6],"7":[5],"8":[2],"9":[3],"10":[2],"11":[1],"12":[2],"13":[4],"14":[3],"15":[1],"16":[1],"17":[1]},"fnMap":{"0":{"name":"LoginPage","decl":{"start":{"line":14,"column":35},"end":{"line":90,"column":2}},"loc":{"start":{"line":14,"column":35},"end":{"line":90,"column":2}},"line":14},"1":{"name":"handleSubmit","decl":{"start":{"line":25,"column":22},"end":{"line":53,"column":3}},"loc":{"start":{"line":25,"column":22},"end":{"line":53,"column":3}},"line":25},"2":{"name":"onChange","decl":{"start":{"line":66,"column":16},"end":{"line":68,"column":8}},"loc":{"start":{"line":66,"column":16},"end":{"line":68,"column":8}},"line":66},"3":{"name":"onChange","decl":{"start":{"line":78,"column":16},"end":{"line":80,"column":8}},"loc":{"start":{"line":78,"column":16},"end":{"line":80,"column":8}},"line":78}},"f":{"0":26,"1":6,"2":1,"3":1}}
,"/Users/doberkofler/MyShare/doberkofler/ai-test-rest-router/client/src/pages/settings-page.tsx": {"path":"/Users/doberkofler/MyShare/doberkofler/ai-test-rest-router/client/src/pages/settings-page.tsx","all":false,"statementMap":{"0":{"start":{"line":1,"column":0},"end":{"line":1,"column":38}},"1":{"start":{"line":2,"column":0},"end":{"line":2,"column":76}},"2":{"start":{"line":3,"column":0},"end":{"line":3,"column":46}},"4":{"start":{"line":5,"column":0},"end":{"line":5,"column":44}},"6":{"start":{"line":7,"column":0},"end":{"line":7,"column":52}},"7":{"start":{"line":8,"column":0},"end":{"line":8,"column":63}},"8":{"start":{"line":9,"column":0},"end":{"line":9,"column":25}},"9":{"start":{"line":10,"column":0},"end":{"line":10,"column":4}},"10":{"start":{"line":11,"column":0},"end":{"line":11,"column":57}},"11":{"start":{"line":12,"column":0},"end":{"line":12,"column":40}},"12":{"start":{"line":13,"column":0},"end":{"line":13,"column":34}},"13":{"start":{"line":14,"column":0},"end":{"line":14,"column":2}},"15":{"start":{"line":16,"column":0},"end":{"line":16,"column":72}},"16":{"start":{"line":17,"column":0},"end":{"line":17,"column":63}},"17":{"start":{"line":18,"column":0},"end":{"line":18,"column":17}},"18":{"start":{"line":19,"column":0},"end":{"line":19,"column":48}},"19":{"start":{"line":20,"column":0},"end":{"line":20,"column":35}},"20":{"start":{"line":21,"column":0},"end":{"line":21,"column":25}},"21":{"start":{"line":22,"column":0},"end":{"line":22,"column":4}},"22":{"start":{"line":23,"column":0},"end":{"line":23,"column":58}},"23":{"start":{"line":24,"column":0},"end":{"line":24,"column":40}},"24":{"start":{"line":25,"column":0},"end":{"line":25,"column":34}},"25":{"start":{"line":26,"column":0},"end":{"line":26,"column":2}},"31":{"start":{"line":32,"column":0},"end":{"line":32,"column":45}},"32":{"start":{"line":33,"column":0},"end":{"line":33,"column":38}},"33":{"start":{"line":34,"column":0},"end":{"line":34,"column":38}},"34":{"start":{"line":35,"column":0},"end":{"line":35,"column":60}},"35":{"start":{"line":36,"column":0},"end":{"line":36,"column":24}},"36":{"start":{"line":37,"column":0},"end":{"line":37,"column":24}},"37":{"start":{"line":38,"column":0},"end":{"line":38,"column":4}},"39":{"start":{"line":40,"column":0},"end":{"line":40,"column":62}},"40":{"start":{"line":41,"column":0},"end":{"line":41,"column":96}},"43":{"start":{"line":44,"column":0},"end":{"line":44,"column":82}},"44":{"start":{"line":45,"column":0},"end":{"line":45,"column":62}},"45":{"start":{"line":46,"column":0},"end":{"line":46,"column":62}},"46":{"start":{"line":47,"column":0},"end":{"line":47,"column":39}},"47":{"start":{"line":48,"column":0},"end":{"line":48,"column":2}},"49":{"start":{"line":50,"column":0},"end":{"line":50,"column":31}},"50":{"start":{"line":51,"column":0},"end":{"line":51,"column":28}},"51":{"start":{"line":52,"column":0},"end":{"line":52,"column":24}},"52":{"start":{"line":53,"column":0},"end":{"line":53,"column":52}},"53":{"start":{"line":54,"column":0},"end":{"line":54,"column":72}},"54":{"start":{"line":55,"column":0},"end":{"line":55,"column":4}},"55":{"start":{"line":56,"column":0},"end":{"line":56,"column":24}},"56":{"start":{"line":57,"column":0},"end":{"line":57,"column":97}},"57":{"start":{"line":58,"column":0},"end":{"line":58,"column":4}},"58":{"start":{"line":59,"column":0},"end":{"line":59,"column":4}},"60":{"start":{"line":61,"column":0},"end":{"line":61,"column":52}},"61":{"start":{"line":62,"column":0},"end":{"line":62,"column":21}},"62":{"start":{"line":63,"column":0},"end":{"line":63,"column":47}},"63":{"start":{"line":64,"column":0},"end":{"line":64,"column":57}},"64":{"start":{"line":65,"column":0},"end":{"line":65,"column":88}},"65":{"start":{"line":66,"column":0},"end":{"line":66,"column":10}},"66":{"start":{"line":67,"column":0},"end":{"line":67,"column":3}},"67":{"start":{"line":68,"column":0},"end":{"line":68,"column":42}},"68":{"start":{"line":69,"column":0},"end":{"line":69,"column":3}},"70":{"start":{"line":71,"column":0},"end":{"line":71,"column":49}},"71":{"start":{"line":72,"column":0},"end":{"line":72,"column":71}},"73":{"start":{"line":74,"column":0},"end":{"line":74,"column":9}},"74":{"start":{"line":75,"column":0},"end":{"line":75,"column":7}},"75":{"start":{"line":76,"column":0},"end":{"line":76,"column":20}},"76":{"start":{"line":77,"column":0},"end":{"line":77,"column":16}},"77":{"start":{"line":78,"column":0},"end":{"line":78,"column":75}},"78":{"start":{"line":79,"column":0},"end":{"line":79,"column":19}},"79":{"start":{"line":80,"column":0},"end":{"line":80,"column":8}},"82":{"start":{"line":83,"column":0},"end":{"line":83,"column":107}},"83":{"start":{"line":84,"column":0},"end":{"line":84,"column":18}},"84":{"start":{"line":85,"column":0},"end":{"line":85,"column":48}},"85":{"start":{"line":86,"column":0},"end":{"line":86,"column":12}},"86":{"start":{"line":87,"column":0},"end":{"line":87,"column":22}},"87":{"start":{"line":88,"column":0},"end":{"line":88,"column":25}},"88":{"start":{"line":89,"column":0},"end":{"line":89,"column":8}},"89":{"start":{"line":90,"column":0},"end":{"line":90,"column":161}},"90":{"start":{"line":91,"column":0},"end":{"line":91,"column":6}},"92":{"start":{"line":93,"column":0},"end":{"line":93,"column":14}},"93":{"start":{"line":94,"column":0},"end":{"line":94,"column":12}},"94":{"start":{"line":95,"column":0},"end":{"line":95,"column":22}},"95":{"start":{"line":96,"column":0},"end":{"line":96,"column":24}},"96":{"start":{"line":97,"column":0},"end":{"line":97,"column":8}},"97":{"start":{"line":98,"column":0},"end":{"line":98,"column":160}},"98":{"start":{"line":99,"column":0},"end":{"line":99,"column":6}},"100":{"start":{"line":101,"column":0},"end":{"line":101,"column":14}},"101":{"start":{"line":102,"column":0},"end":{"line":102,"column":12}},"102":{"start":{"line":103,"column":0},"end":{"line":103,"column":22}},"103":{"start":{"line":104,"column":0},"end":{"line":104,"column":26}},"104":{"start":{"line":105,"column":0},"end":{"line":105,"column":8}},"105":{"start":{"line":106,"column":0},"end":{"line":106,"column":162}},"106":{"start":{"line":107,"column":0},"end":{"line":107,"column":6}},"108":{"start":{"line":109,"column":0},"end":{"line":109,"column":14}},"109":{"start":{"line":110,"column":0},"end":{"line":110,"column":10}},"110":{"start":{"line":111,"column":0},"end":{"line":111,"column":13}},"112":{"start":{"line":113,"column":0},"end":{"line":113,"column":85}},"113":{"start":{"line":114,"column":0},"end":{"line":114,"column":27}},"114":{"start":{"line":115,"column":0},"end":{"line":115,"column":62}},"115":{"start":{"line":116,"column":0},"end":{"line":116,"column":43}},"116":{"start":{"line":117,"column":0},"end":{"line":117,"column":82}},"118":{"start":{"line":119,"column":0},"end":{"line":119,"column":14}},"119":{"start":{"line":120,"column":0},"end":{"line":120,"column":12}},"120":{"start":{"line":121,"column":0},"end":{"line":121,"column":19}},"121":{"start":{"line":122,"column":0},"end":{"line":122,"column":20}},"122":{"start":{"line":123,"column":0},"end":{"line":123,"column":27}},"123":{"start":{"line":124,"column":0},"end":{"line":124,"column":25}},"124":{"start":{"line":125,"column":0},"end":{"line":125,"column":40}},"125":{"start":{"line":126,"column":0},"end":{"line":126,"column":9}},"126":{"start":{"line":127,"column":0},"end":{"line":127,"column":134}},"127":{"start":{"line":128,"column":0},"end":{"line":128,"column":8}},"128":{"start":{"line":129,"column":0},"end":{"line":129,"column":37}},"130":{"start":{"line":131,"column":0},"end":{"line":131,"column":14}},"131":{"start":{"line":132,"column":0},"end":{"line":132,"column":11}},"132":{"start":{"line":133,"column":0},"end":{"line":133,"column":12}},"133":{"start":{"line":134,"column":0},"end":{"line":134,"column":19}},"134":{"start":{"line":135,"column":0},"end":{"line":135,"column":35}},"135":{"start":{"line":136,"column":0},"end":{"line":136,"column":172}},"137":{"start":{"line":138,"column":0},"end":{"line":138,"column":58}},"138":{"start":{"line":139,"column":0},"end":{"line":139,"column":14}},"139":{"start":{"line":140,"column":0},"end":{"line":140,"column":11}},"140":{"start":{"line":141,"column":0},"end":{"line":141,"column":13}},"141":{"start":{"line":142,"column":0},"end":{"line":142,"column":8}},"143":{"start":{"line":144,"column":0},"end":{"line":144,"column":2}}},"s":{"0":1,"1":1,"2":1,"4":1,"6":1,"7":15,"8":15,"9":15,"10":15,"11":14,"12":14,"13":14,"15":1,"16":3,"17":3,"18":3,"19":3,"20":3,"21":3,"22":3,"23":1,"24":1,"25":1,"31":1,"32":49,"33":49,"34":49,"35":49,"36":49,"37":49,"39":49,"40":49,"43":49,"44":49,"45":17,"46":17,"47":17,"49":49,"50":49,"51":49,"52":1,"53":1,"54":1,"55":49,"56":2,"57":2,"58":49,"60":49,"61":6,"62":6,"63":6,"64":3,"65":3,"66":3,"67":3,"68":6,"70":49,"71":49,"73":43,"74":43,"75":43,"76":43,"77":8,"78":8,"79":8,"82":49,"83":49,"84":49,"85":49,"86":49,"87":1,"88":1,"89":49,"90":49,"92":49,"93":49,"94":49,"95":1,"96":1,"97":49,"98":49,"100":49,"101":49,"102":49,"103":2,"104":2,"105":49,"106":49,"108":49,"109":49,"110":49,"112":49,"113":49,"114":49,"115":49,"116":49,"118":49,"119":49,"120":49,"121":49,"122":49,"123":49,"124":5,"125":5,"126":49,"127":49,"128":49,"130":49,"131":49,"132":49,"133":49,"134":49,"135":49,"137":49,"138":49,"139":49,"140":49,"141":49,"143":49},"branchMap":{"0":{"type":"branch","line":1,"loc":{"start":{"line":1,"column":30},"end":{"line":1,"column":38}},"locations":[{"start":{"line":1,"column":30},"end":{"line":1,"column":38}}]},"1":{"type":"branch","line":7,"loc":{"start":{"line":7,"column":21},"end":{"line":14,"column":2}},"locations":[{"start":{"line":7,"column":21},"end":{"line":14,"column":2}}]},"2":{"type":"branch","line":11,"loc":{"start":{"line":11,"column":14},"end":{"line":11,"column":57}},"locations":[{"start":{"line":11,"column":14},"end":{"line":11,"column":57}}]},"3":{"type":"branch","line":11,"loc":{"start":{"line":11,"column":55},"end":{"line":14,"column":2}},"locations":[{"start":{"line":11,"column":55},"end":{"line":14,"column":2}}]},"4":{"type":"branch","line":16,"loc":{"start":{"line":16,"column":22},"end":{"line":26,"column":2}},"locations":[{"start":{"line":16,"column":22},"end":{"line":26,"column":2}}]},"5":{"type":"branch","line":22,"loc":{"start":{"line":22,"column":2},"end":{"line":23,"column":20}},"locations":[{"start":{"line":22,"column":2},"end":{"line":23,"column":20}}]},"6":{"type":"branch","line":23,"loc":{"start":{"line":23,"column":14},"end":{"line":26,"column":2}},"locations":[{"start":{"line":23,"column":14},"end":{"line":26,"column":2}}]},"7":{"type":"branch","line":32,"loc":{"start":{"line":32,"column":38},"end":{"line":144,"column":2}},"locations":[{"start":{"line":32,"column":38},"end":{"line":144,"column":2}}]},"8":{"type":"branch","line":45,"loc":{"start":{"line":45,"column":5},"end":{"line":45,"column":61}},"locations":[{"start":{"line":45,"column":5},"end":{"line":45,"column":61}}]},"9":{"type":"branch","line":45,"loc":{"start":{"line":45,"column":61},"end":{"line":48,"column":2}},"locations":[{"start":{"line":45,"column":61},"end":{"line":48,"column":2}}]},"10":{"type":"branch","line":71,"loc":{"start":{"line":71,"column":16},"end":{"line":71,"column":49}},"locations":[{"start":{"line":71,"column":16},"end":{"line":71,"column":49}}]},"11":{"type":"branch","line":71,"loc":{"start":{"line":71,"column":44},"end":{"line":72,"column":19}},"locations":[{"start":{"line":71,"column":44},"end":{"line":72,"column":19}}]},"12":{"type":"branch","line":72,"loc":{"start":{"line":72,"column":12},"end":{"line":72,"column":71}},"locations":[{"start":{"line":72,"column":12},"end":{"line":72,"column":71}}]},"13":{"type":"branch","line":72,"loc":{"start":{"line":72,"column":66},"end":{"line":77,"column":16}},"locations":[{"start":{"line":72,"column":66},"end":{"line":77,"column":16}}]},"14":{"type":"branch","line":77,"loc":{"start":{"line":77,"column":4},"end":{"line":80,"column":8}},"locations":[{"start":{"line":77,"column":4},"end":{"line":80,"column":8}}]},"15":{"type":"branch","line":78,"loc":{"start":{"line":78,"column":39},"end":{"line":78,"column":63}},"locations":[{"start":{"line":78,"column":39},"end":{"line":78,"column":63}}]},"16":{"type":"branch","line":78,"loc":{"start":{"line":78,"column":51},"end":{"line":78,"column":72}},"locations":[{"start":{"line":78,"column":51},"end":{"line":78,"column":72}}]},"17":{"type":"branch","line":90,"loc":{"start":{"line":90,"column":60},"end":{"line":90,"column":82}},"locations":[{"start":{"line":90,"column":60},"end":{"line":90,"column":82}}]},"18":{"type":"branch","line":90,"loc":{"start":{"line":90,"column":70},"end":{"line":90,"column":90}},"locations":[{"start":{"line":90,"column":70},"end":{"line":90,"column":90}}]},"19":{"type":"branch","line":98,"loc":{"start":{"line":98,"column":60},"end":{"line":98,"column":81}},"locations":[{"start":{"line":98,"column":60},"end":{"line":98,"column":81}}]},"20":{"type":"branch","line":98,"loc":{"start":{"line":98,"column":69},"end":{"line":98,"column":89}},"locations":[{"start":{"line":98,"column":69},"end":{"line":98,"column":89}}]},"21":{"type":"branch","line":106,"loc":{"start":{"line":106,"column":60},"end":{"line":106,"column":83}},"locations":[{"start":{"line":106,"column":60},"end":{"line":106,"column":83}}]},"22":{"type":"branch","line":106,"loc":{"start":{"line":106,"column":71},"end":{"line":106,"column":91}},"locations":[{"start":{"line":106,"column":71},"end":{"line":106,"column":91}}]},"23":{"type":"branch","line":136,"loc":{"start":{"line":136,"column":133},"end":{"line":136,"column":161}},"locations":[{"start":{"line":136,"column":133},"end":{"line":136,"column":161}}]},"24":{"type":"branch","line":136,"loc":{"start":{"line":136,"column":145},"end":{"line":136,"column":170}},"locations":[{"start":{"line":136,"column":145},"end":{"line":136,"column":170}}]},"25":{"type":"branch","line":138,"loc":{"start":{"line":138,"column":16},"end":{"line":138,"column":42}},"locations":[{"start":{"line":138,"column":16},"end":{"line":138,"column":42}}]},"26":{"type":"branch","line":138,"loc":{"start":{"line":138,"column":28},"end":{"line":138,"column":58}},"locations":[{"start":{"line":138,"column":28},"end":{"line":138,"column":58}}]},"27":{"type":"branch","line":52,"loc":{"start":{"line":52,"column":13},"end":{"line":55,"column":4}},"locations":[{"start":{"line":52,"column":13},"end":{"line":55,"column":4}}]},"28":{"type":"branch","line":56,"loc":{"start":{"line":56,"column":11},"end":{"line":58,"column":4}},"locations":[{"start":{"line":56,"column":11},"end":{"line":58,"column":4}}]},"29":{"type":"branch","line":57,"loc":{"start":{"line":57,"column":54},"end":{"line":57,"column":79}},"locations":[{"start":{"line":57,"column":54},"end":{"line":57,"column":79}}]},"30":{"type":"branch","line":57,"loc":{"start":{"line":57,"column":69},"end":{"line":57,"column":94}},"locations":[{"start":{"line":57,"column":69},"end":{"line":57,"column":94}}]},"31":{"type":"branch","line":61,"loc":{"start":{"line":61,"column":22},"end":{"line":69,"column":3}},"locations":[{"start":{"line":61,"column":22},"end":{"line":69,"column":3}}]},"32":{"type":"branch","line":64,"loc":{"start":{"line":64,"column":21},"end":{"line":64,"column":39}},"locations":[{"start":{"line":64,"column":21},"end":{"line":64,"column":39}}]},"33":{"type":"branch","line":64,"loc":{"start":{"line":64,"column":31},"end":{"line":64,"column":56}},"locations":[{"start":{"line":64,"column":31},"end":{"line":64,"column":56}}]},"34":{"type":"branch","line":64,"loc":{"start":{"line":64,"column":56},"end":{"line":68,"column":42}},"locations":[{"start":{"line":64,"column":56},"end":{"line":68,"column":42}}]},"35":{"type":"branch","line":87,"loc":{"start":{"line":87,"column":15},"end":{"line":89,"column":8}},"locations":[{"start":{"line":87,"column":15},"end":{"line":89,"column":8}}]},"36":{"type":"branch","line":95,"loc":{"start":{"line":95,"column":15},"end":{"line":97,"column":8}},"locations":[{"start":{"line":95,"column":15},"end":{"line":97,"column":8}}]},"37":{"type":"branch","line":103,"loc":{"start":{"line":103,"column":15},"end":{"line":105,"column":8}},"locations":[{"start":{"line":103,"column":15},"end":{"line":105,"column":8}}]},"38":{"type":"branch","line":124,"loc":{"start":{"line":124,"column":17},"end":{"line":126,"column":9}},"locations":[{"start":{"line":124,"column":17},"end":{"line":126,"column":9}}]}},"b":{"0":[0],"1":[15],"2":[1],"3":[14],"4":[3],"5":[2],"6":[1],"7":[49],"8":[48],"9":[17],"10":[1],"11":[48],"12":[5],"13":[43],"14":[8],"15":[2],"16":[6],"17":[3],"18":[40],"19":[3],"20":[40],"21":[37],"22":[6],"23":[0],"24":[43],"25":[0],"26":[43],"27":[1],"28":[2],"29":[1],"30":[1],"31":[6],"32":[5],"33":[4],"34":[3],"35":[1],"36":[1],"37":[2],"38":[5]},"fnMap":{"0":{"name":"fetchOptions","decl":{"start":{"line":7,"column":21},"end":{"line":14,"column":2}},"loc":{"start":{"line":7,"column":21},"end":{"line":14,"column":2}},"line":7},"1":{"name":"updateOptions","decl":{"start":{"line":16,"column":22},"end":{"line":26,"column":2}},"loc":{"start":{"line":16,"column":22},"end":{"line":26,"column":2}},"line":16},"2":{"name":"SettingsPage","decl":{"start":{"line":32,"column":38},"end":{"line":144,"column":2}},"loc":{"start":{"line":32,"column":38},"end":{"line":144,"column":2}},"line":32},"3":{"name":"onSuccess","decl":{"start":{"line":52,"column":13},"end":{"line":55,"column":4}},"loc":{"start":{"line":52,"column":13},"end":{"line":55,"column":4}},"line":52},"4":{"name":"onError","decl":{"start":{"line":56,"column":11},"end":{"line":58,"column":4}},"loc":{"start":{"line":56,"column":11},"end":{"line":58,"column":4}},"line":56},"5":{"name":"handleSubmit","decl":{"start":{"line":61,"column":22},"end":{"line":69,"column":3}},"loc":{"start":{"line":61,"column":22},"end":{"line":69,"column":3}},"line":61},"6":{"name":"onClick","decl":{"start":{"line":87,"column":15},"end":{"line":89,"column":8}},"loc":{"start":{"line":87,"column":15},"end":{"line":89,"column":8}},"line":87},"7":{"name":"onClick","decl":{"start":{"line":95,"column":15},"end":{"line":97,"column":8}},"loc":{"start":{"line":95,"column":15},"end":{"line":97,"column":8}},"line":95},"8":{"name":"onClick","decl":{"start":{"line":103,"column":15},"end":{"line":105,"column":8}},"loc":{"start":{"line":103,"column":15},"end":{"line":105,"column":8}},"line":103},"9":{"name":"onChange","decl":{"start":{"line":124,"column":17},"end":{"line":126,"column":9}},"loc":{"start":{"line":124,"column":17},"end":{"line":126,"column":9}},"line":124}},"f":{"0":15,"1":3,"2":49,"3":1,"4":2,"5":6,"6":1,"7":1,"8":2,"9":5}}
}
