{"/Users/doberkofler/MyShare/doberkofler/ai-test-rest-router/client/src/app.tsx": {"path":"/Users/doberkofler/MyShare/doberkofler/ai-test-rest-router/client/src/app.tsx","all":false,"statementMap":{"0":{"start":{"line":1,"column":0},"end":{"line":1,"column":47}},"1":{"start":{"line":2,"column":0},"end":{"line":2,"column":49}},"2":{"start":{"line":3,"column":0},"end":{"line":3,"column":43}},"3":{"start":{"line":4,"column":0},"end":{"line":4,"column":45}},"4":{"start":{"line":5,"column":0},"end":{"line":5,"column":51}},"5":{"start":{"line":6,"column":0},"end":{"line":6,"column":45}},"6":{"start":{"line":7,"column":0},"end":{"line":7,"column":60}},"12":{"start":{"line":13,"column":0},"end":{"line":13,"column":30}},"13":{"start":{"line":14,"column":0},"end":{"line":14,"column":9}},"14":{"start":{"line":15,"column":0},"end":{"line":15,"column":10}},"15":{"start":{"line":16,"column":0},"end":{"line":16,"column":50}},"16":{"start":{"line":17,"column":0},"end":{"line":17,"column":39}},"17":{"start":{"line":18,"column":0},"end":{"line":18,"column":45}},"18":{"start":{"line":19,"column":0},"end":{"line":19,"column":43}},"19":{"start":{"line":20,"column":0},"end":{"line":20,"column":51}},"20":{"start":{"line":21,"column":0},"end":{"line":21,"column":57}},"21":{"start":{"line":22,"column":0},"end":{"line":22,"column":12}},"22":{"start":{"line":23,"column":0},"end":{"line":23,"column":11}},"23":{"start":{"line":24,"column":0},"end":{"line":24,"column":11}},"25":{"start":{"line":26,"column":0},"end":{"line":26,"column":1}},"27":{"start":{"line":28,"column":0},"end":{"line":28,"column":26}}},"s":{"0":1,"1":1,"2":1,"3":1,"4":1,"5":1,"6":1,"12":1,"13":5,"14":5,"15":5,"16":5,"17":5,"18":5,"19":5,"20":5,"21":5,"22":5,"23":5,"25":5,"27":1},"branchMap":{"0":{"type":"branch","line":13,"loc":{"start":{"line":13,"column":7},"end":{"line":26,"column":1}},"locations":[{"start":{"line":13,"column":7},"end":{"line":26,"column":1}}]}},"b":{"0":[5]},"fnMap":{"0":{"name":"AppContent","decl":{"start":{"line":13,"column":7},"end":{"line":26,"column":1}},"loc":{"start":{"line":13,"column":7},"end":{"line":26,"column":1}},"line":13}},"f":{"0":5}}
,"/Users/doberkofler/MyShare/doberkofler/ai-test-rest-router/client/src/components/protected-route.tsx": {"path":"/Users/doberkofler/MyShare/doberkofler/ai-test-rest-router/client/src/components/protected-route.tsx","all":false,"statementMap":{"0":{"start":{"line":1,"column":0},"end":{"line":1,"column":26}},"1":{"start":{"line":2,"column":0},"end":{"line":2,"column":63}},"2":{"start":{"line":3,"column":0},"end":{"line":3,"column":49}},"8":{"start":{"line":9,"column":0},"end":{"line":9,"column":47}},"9":{"start":{"line":10,"column":0},"end":{"line":10,"column":37}},"10":{"start":{"line":11,"column":0},"end":{"line":11,"column":32}},"12":{"start":{"line":13,"column":0},"end":{"line":13,"column":97}},"13":{"start":{"line":14,"column":0},"end":{"line":14,"column":2}}},"s":{"0":1,"1":1,"2":1,"8":1,"9":5,"10":5,"12":5,"13":5},"branchMap":{"0":{"type":"branch","line":1,"loc":{"start":{"line":1,"column":18},"end":{"line":1,"column":26}},"locations":[{"start":{"line":1,"column":18},"end":{"line":1,"column":26}}]},"1":{"type":"branch","line":9,"loc":{"start":{"line":9,"column":40},"end":{"line":14,"column":2}},"locations":[{"start":{"line":9,"column":40},"end":{"line":14,"column":2}}]},"2":{"type":"branch","line":13,"loc":{"start":{"line":13,"column":8},"end":{"line":13,"column":39}},"locations":[{"start":{"line":13,"column":8},"end":{"line":13,"column":39}}]},"3":{"type":"branch","line":13,"loc":{"start":{"line":13,"column":34},"end":{"line":13,"column":97}},"locations":[{"start":{"line":13,"column":34},"end":{"line":13,"column":97}}]}},"b":{"0":[0],"1":[5],"2":[1],"3":[4]},"fnMap":{"0":{"name":"ProtectedRoute","decl":{"start":{"line":9,"column":40},"end":{"line":14,"column":2}},"loc":{"start":{"line":9,"column":40},"end":{"line":14,"column":2}},"line":9}},"f":{"0":5}}
,"/Users/doberkofler/MyShare/doberkofler/ai-test-rest-router/client/src/contexts/auth-context.ts": {"path":"/Users/doberkofler/MyShare/doberkofler/ai-test-rest-router/client/src/contexts/auth-context.ts","all":false,"statementMap":{"0":{"start":{"line":1,"column":0},"end":{"line":1,"column":48}},"16":{"start":{"line":17,"column":0},"end":{"line":17,"column":81}},"22":{"start":{"line":23,"column":0},"end":{"line":23,"column":30}},"23":{"start":{"line":24,"column":0},"end":{"line":24,"column":41}},"24":{"start":{"line":25,"column":0},"end":{"line":25,"column":29}},"25":{"start":{"line":26,"column":0},"end":{"line":26,"column":65}},"26":{"start":{"line":27,"column":0},"end":{"line":27,"column":2}},"27":{"start":{"line":28,"column":0},"end":{"line":28,"column":16}},"28":{"start":{"line":29,"column":0},"end":{"line":29,"column":2}}},"s":{"0":1,"16":1,"22":1,"23":41,"24":41,"25":2,"26":2,"27":38,"28":38},"branchMap":{"0":{"type":"branch","line":23,"loc":{"start":{"line":23,"column":23},"end":{"line":29,"column":2}},"locations":[{"start":{"line":23,"column":23},"end":{"line":29,"column":2}}]},"1":{"type":"branch","line":25,"loc":{"start":{"line":25,"column":28},"end":{"line":27,"column":2}},"locations":[{"start":{"line":25,"column":28},"end":{"line":27,"column":2}}]},"2":{"type":"branch","line":27,"loc":{"start":{"line":27,"column":1},"end":{"line":29,"column":2}},"locations":[{"start":{"line":27,"column":1},"end":{"line":29,"column":2}}]}},"b":{"0":[41],"1":[2],"2":[38]},"fnMap":{"0":{"name":"useAuth","decl":{"start":{"line":23,"column":23},"end":{"line":29,"column":2}},"loc":{"start":{"line":23,"column":23},"end":{"line":29,"column":2}},"line":23}},"f":{"0":41}}
,"/Users/doberkofler/MyShare/doberkofler/ai-test-rest-router/client/src/contexts/auth-provider.tsx": {"path":"/Users/doberkofler/MyShare/doberkofler/ai-test-rest-router/client/src/contexts/auth-provider.tsx","all":false,"statementMap":{"0":{"start":{"line":1,"column":0},"end":{"line":1,"column":38}},"1":{"start":{"line":2,"column":0},"end":{"line":2,"column":53}},"3":{"start":{"line":4,"column":0},"end":{"line":4,"column":43}},"17":{"start":{"line":18,"column":0},"end":{"line":18,"column":74}},"18":{"start":{"line":19,"column":0},"end":{"line":19,"column":52}},"19":{"start":{"line":20,"column":0},"end":{"line":20,"column":50}},"20":{"start":{"line":21,"column":0},"end":{"line":21,"column":14}},"21":{"start":{"line":22,"column":0},"end":{"line":22,"column":8}},"22":{"start":{"line":23,"column":0},"end":{"line":23,"column":50}},"23":{"start":{"line":24,"column":0},"end":{"line":24,"column":26}},"24":{"start":{"line":25,"column":0},"end":{"line":25,"column":12}},"26":{"start":{"line":27,"column":0},"end":{"line":27,"column":4}},"27":{"start":{"line":28,"column":0},"end":{"line":28,"column":3}},"28":{"start":{"line":29,"column":0},"end":{"line":29,"column":14}},"29":{"start":{"line":30,"column":0},"end":{"line":30,"column":4}},"30":{"start":{"line":31,"column":0},"end":{"line":31,"column":38}},"32":{"start":{"line":33,"column":0},"end":{"line":33,"column":41}},"33":{"start":{"line":34,"column":0},"end":{"line":34,"column":20}},"34":{"start":{"line":35,"column":0},"end":{"line":35,"column":62}},"35":{"start":{"line":36,"column":0},"end":{"line":36,"column":3}},"37":{"start":{"line":38,"column":0},"end":{"line":38,"column":23}},"38":{"start":{"line":39,"column":0},"end":{"line":39,"column":16}},"39":{"start":{"line":40,"column":0},"end":{"line":40,"column":39}},"40":{"start":{"line":41,"column":0},"end":{"line":41,"column":22}},"41":{"start":{"line":42,"column":0},"end":{"line":42,"column":3}},"43":{"start":{"line":44,"column":0},"end":{"line":44,"column":39}},"45":{"start":{"line":46,"column":0},"end":{"line":46,"column":9}},"46":{"start":{"line":47,"column":0},"end":{"line":47,"column":71}},"47":{"start":{"line":48,"column":0},"end":{"line":48,"column":13}},"48":{"start":{"line":49,"column":0},"end":{"line":49,"column":25}},"50":{"start":{"line":51,"column":0},"end":{"line":51,"column":2}}},"s":{"0":1,"1":1,"3":1,"17":1,"18":27,"19":27,"20":27,"21":11,"22":11,"23":11,"24":11,"26":7,"27":11,"28":23,"29":27,"30":27,"32":27,"33":2,"34":2,"35":2,"37":27,"38":2,"39":2,"40":2,"41":2,"43":27,"45":27,"46":27,"47":27,"48":27,"50":27},"branchMap":{"0":{"type":"branch","line":1,"loc":{"start":{"line":1,"column":30},"end":{"line":1,"column":38}},"locations":[{"start":{"line":1,"column":30},"end":{"line":1,"column":38}}]},"1":{"type":"branch","line":18,"loc":{"start":{"line":18,"column":57},"end":{"line":51,"column":2}},"locations":[{"start":{"line":18,"column":57},"end":{"line":51,"column":2}}]},"2":{"type":"branch","line":19,"loc":{"start":{"line":19,"column":45},"end":{"line":30,"column":2}},"locations":[{"start":{"line":19,"column":45},"end":{"line":30,"column":2}}]},"3":{"type":"branch","line":21,"loc":{"start":{"line":21,"column":13},"end":{"line":28,"column":3}},"locations":[{"start":{"line":21,"column":13},"end":{"line":28,"column":3}}]},"4":{"type":"branch","line":24,"loc":{"start":{"line":24,"column":11},"end":{"line":24,"column":26}},"locations":[{"start":{"line":24,"column":11},"end":{"line":24,"column":26}}]},"5":{"type":"branch","line":25,"loc":{"start":{"line":25,"column":3},"end":{"line":27,"column":4}},"locations":[{"start":{"line":25,"column":3},"end":{"line":27,"column":4}}]},"6":{"type":"branch","line":28,"loc":{"start":{"line":28,"column":2},"end":{"line":29,"column":14}},"locations":[{"start":{"line":28,"column":2},"end":{"line":29,"column":14}}]},"7":{"type":"branch","line":33,"loc":{"start":{"line":33,"column":15},"end":{"line":36,"column":3}},"locations":[{"start":{"line":33,"column":15},"end":{"line":36,"column":3}}]},"8":{"type":"branch","line":38,"loc":{"start":{"line":38,"column":16},"end":{"line":42,"column":3}},"locations":[{"start":{"line":38,"column":16},"end":{"line":42,"column":3}}]}},"b":{"0":[0],"1":[27],"2":[27],"3":[11],"4":[2],"5":[7],"6":[23],"7":[2],"8":[2]},"fnMap":{"0":{"name":"AuthProvider","decl":{"start":{"line":18,"column":57},"end":{"line":51,"column":2}},"loc":{"start":{"line":18,"column":57},"end":{"line":51,"column":2}},"line":18},"1":{"name":"login","decl":{"start":{"line":33,"column":15},"end":{"line":36,"column":3}},"loc":{"start":{"line":33,"column":15},"end":{"line":36,"column":3}},"line":33},"2":{"name":"logout","decl":{"start":{"line":38,"column":16},"end":{"line":42,"column":3}},"loc":{"start":{"line":38,"column":16},"end":{"line":42,"column":3}},"line":38}},"f":{"0":27,"1":2,"2":2}}
,"/Users/doberkofler/MyShare/doberkofler/ai-test-rest-router/client/src/contexts/theme-provider.tsx": {"path":"/Users/doberkofler/MyShare/doberkofler/ai-test-rest-router/client/src/contexts/theme-provider.tsx","all":false,"statementMap":{"1":{"start":{"line":2,"column":0},"end":{"line":2,"column":55}},"2":{"start":{"line":3,"column":0},"end":{"line":3,"column":42}},"10":{"start":{"line":11,"column":0},"end":{"line":11,"column":76}},"23":{"start":{"line":24,"column":0},"end":{"line":24,"column":76}},"24":{"start":{"line":25,"column":0},"end":{"line":25,"column":38}},"26":{"start":{"line":27,"column":0},"end":{"line":27,"column":9}},"27":{"start":{"line":28,"column":0},"end":{"line":28,"column":51}},"28":{"start":{"line":29,"column":0},"end":{"line":29,"column":13}},"29":{"start":{"line":30,"column":0},"end":{"line":30,"column":26}},"31":{"start":{"line":32,"column":0},"end":{"line":32,"column":2}},"38":{"start":{"line":39,"column":0},"end":{"line":39,"column":38}},"39":{"start":{"line":40,"column":0},"end":{"line":40,"column":42}},"40":{"start":{"line":41,"column":0},"end":{"line":41,"column":29}},"41":{"start":{"line":42,"column":0},"end":{"line":42,"column":73}},"42":{"start":{"line":43,"column":0},"end":{"line":43,"column":2}},"43":{"start":{"line":44,"column":0},"end":{"line":44,"column":16}},"44":{"start":{"line":45,"column":0},"end":{"line":45,"column":2}}},"s":{"1":1,"2":1,"10":1,"23":1,"24":25,"26":25,"27":25,"28":25,"29":25,"31":25,"38":1,"39":32,"40":32,"41":0,"42":0,"43":32,"44":32},"branchMap":{"0":{"type":"branch","line":2,"loc":{"start":{"line":2,"column":47},"end":{"line":2,"column":55}},"locations":[{"start":{"line":2,"column":47},"end":{"line":2,"column":55}}]},"1":{"type":"branch","line":24,"loc":{"start":{"line":24,"column":59},"end":{"line":32,"column":2}},"locations":[{"start":{"line":24,"column":59},"end":{"line":32,"column":2}}]},"2":{"type":"branch","line":39,"loc":{"start":{"line":39,"column":31},"end":{"line":45,"column":2}},"locations":[{"start":{"line":39,"column":31},"end":{"line":45,"column":2}}]},"3":{"type":"branch","line":41,"loc":{"start":{"line":41,"column":28},"end":{"line":43,"column":2}},"locations":[{"start":{"line":41,"column":28},"end":{"line":43,"column":2}}]}},"b":{"0":[0],"1":[25],"2":[32],"3":[0]},"fnMap":{"0":{"name":"ThemeProvider","decl":{"start":{"line":24,"column":59},"end":{"line":32,"column":2}},"loc":{"start":{"line":24,"column":59},"end":{"line":32,"column":2}},"line":24},"1":{"name":"useThemeContext","decl":{"start":{"line":39,"column":31},"end":{"line":45,"column":2}},"loc":{"start":{"line":39,"column":31},"end":{"line":45,"column":2}},"line":39}},"f":{"0":25,"1":32}}
,"/Users/doberkofler/MyShare/doberkofler/ai-test-rest-router/client/src/hooks/use-theme.ts": {"path":"/Users/doberkofler/MyShare/doberkofler/ai-test-rest-router/client/src/hooks/use-theme.ts","all":false,"statementMap":{"0":{"start":{"line":1,"column":0},"end":{"line":1,"column":42}},"7":{"start":{"line":8,"column":0},"end":{"line":8,"column":31}},"8":{"start":{"line":9,"column":0},"end":{"line":9,"column":50}},"9":{"start":{"line":10,"column":0},"end":{"line":10,"column":50}},"10":{"start":{"line":11,"column":0},"end":{"line":11,"column":26}},"11":{"start":{"line":12,"column":0},"end":{"line":12,"column":18}},"12":{"start":{"line":13,"column":0},"end":{"line":13,"column":3}},"13":{"start":{"line":14,"column":0},"end":{"line":14,"column":25}},"14":{"start":{"line":15,"column":0},"end":{"line":15,"column":17}},"15":{"start":{"line":16,"column":0},"end":{"line":16,"column":3}},"16":{"start":{"line":17,"column":0},"end":{"line":17,"column":18}},"17":{"start":{"line":18,"column":0},"end":{"line":18,"column":4}},"19":{"start":{"line":20,"column":0},"end":{"line":20,"column":18}},"20":{"start":{"line":21,"column":0},"end":{"line":21,"column":51}},"21":{"start":{"line":22,"column":0},"end":{"line":22,"column":41}},"23":{"start":{"line":24,"column":0},"end":{"line":24,"column":70}},"24":{"start":{"line":25,"column":0},"end":{"line":25,"column":31}},"25":{"start":{"line":26,"column":0},"end":{"line":26,"column":82}},"27":{"start":{"line":28,"column":0},"end":{"line":28,"column":37}},"28":{"start":{"line":29,"column":0},"end":{"line":29,"column":43}},"31":{"start":{"line":32,"column":0},"end":{"line":32,"column":27}},"32":{"start":{"line":33,"column":0},"end":{"line":33,"column":71}},"33":{"start":{"line":34,"column":0},"end":{"line":34,"column":31}},"34":{"start":{"line":35,"column":0},"end":{"line":35,"column":40}},"35":{"start":{"line":36,"column":0},"end":{"line":36,"column":43}},"36":{"start":{"line":37,"column":0},"end":{"line":37,"column":57}},"37":{"start":{"line":38,"column":0},"end":{"line":38,"column":5}},"38":{"start":{"line":39,"column":0},"end":{"line":39,"column":50}},"39":{"start":{"line":40,"column":0},"end":{"line":40,"column":17}},"40":{"start":{"line":41,"column":0},"end":{"line":41,"column":54}},"41":{"start":{"line":42,"column":0},"end":{"line":42,"column":5}},"42":{"start":{"line":43,"column":0},"end":{"line":43,"column":3}},"43":{"start":{"line":44,"column":0},"end":{"line":44,"column":9}},"44":{"start":{"line":45,"column":0},"end":{"line":45,"column":13}},"46":{"start":{"line":47,"column":0},"end":{"line":47,"column":26}},"47":{"start":{"line":48,"column":0},"end":{"line":48,"column":2}},"48":{"start":{"line":49,"column":0},"end":{"line":49,"column":24}}},"s":{"0":1,"7":1,"8":74,"9":40,"10":40,"11":2,"12":2,"13":40,"14":2,"15":2,"16":36,"17":74,"19":74,"20":43,"21":43,"23":43,"24":43,"25":43,"27":43,"28":43,"31":43,"32":37,"33":37,"34":1,"35":1,"36":1,"37":1,"38":37,"39":37,"40":37,"41":37,"42":37,"43":6,"44":74,"46":74,"47":74,"48":1},"branchMap":{"0":{"type":"branch","line":8,"loc":{"start":{"line":8,"column":24},"end":{"line":48,"column":2}},"locations":[{"start":{"line":8,"column":24},"end":{"line":48,"column":2}}]},"1":{"type":"branch","line":9,"loc":{"start":{"line":9,"column":43},"end":{"line":18,"column":2}},"locations":[{"start":{"line":9,"column":43},"end":{"line":18,"column":2}}]},"2":{"type":"branch","line":11,"loc":{"start":{"line":11,"column":25},"end":{"line":13,"column":3}},"locations":[{"start":{"line":11,"column":25},"end":{"line":13,"column":3}}]},"3":{"type":"branch","line":13,"loc":{"start":{"line":13,"column":2},"end":{"line":14,"column":24}},"locations":[{"start":{"line":13,"column":2},"end":{"line":14,"column":24}}]},"4":{"type":"branch","line":14,"loc":{"start":{"line":14,"column":24},"end":{"line":16,"column":3}},"locations":[{"start":{"line":14,"column":24},"end":{"line":16,"column":3}}]},"5":{"type":"branch","line":16,"loc":{"start":{"line":16,"column":2},"end":{"line":17,"column":18}},"locations":[{"start":{"line":16,"column":2},"end":{"line":17,"column":18}}]},"6":{"type":"branch","line":20,"loc":{"start":{"line":20,"column":11},"end":{"line":45,"column":4}},"locations":[{"start":{"line":20,"column":11},"end":{"line":45,"column":4}}]},"7":{"type":"branch","line":26,"loc":{"start":{"line":26,"column":35},"end":{"line":26,"column":76}},"locations":[{"start":{"line":26,"column":35},"end":{"line":26,"column":76}}]},"8":{"type":"branch","line":26,"loc":{"start":{"line":26,"column":47},"end":{"line":26,"column":65}},"locations":[{"start":{"line":26,"column":47},"end":{"line":26,"column":65}}]},"9":{"type":"branch","line":26,"loc":{"start":{"line":26,"column":56},"end":{"line":26,"column":76}},"locations":[{"start":{"line":26,"column":56},"end":{"line":26,"column":76}}]},"10":{"type":"branch","line":26,"loc":{"start":{"line":26,"column":65},"end":{"line":26,"column":82}},"locations":[{"start":{"line":26,"column":65},"end":{"line":26,"column":82}}]},"11":{"type":"branch","line":32,"loc":{"start":{"line":32,"column":26},"end":{"line":43,"column":3}},"locations":[{"start":{"line":32,"column":26},"end":{"line":43,"column":3}}]},"12":{"type":"branch","line":43,"loc":{"start":{"line":43,"column":2},"end":{"line":44,"column":9}},"locations":[{"start":{"line":43,"column":2},"end":{"line":44,"column":9}}]},"13":{"type":"branch","line":34,"loc":{"start":{"line":34,"column":24},"end":{"line":38,"column":5}},"locations":[{"start":{"line":34,"column":24},"end":{"line":38,"column":5}}]},"14":{"type":"branch","line":37,"loc":{"start":{"line":37,"column":39},"end":{"line":37,"column":55}},"locations":[{"start":{"line":37,"column":39},"end":{"line":37,"column":55}}]},"15":{"type":"branch","line":40,"loc":{"start":{"line":40,"column":10},"end":{"line":42,"column":5}},"locations":[{"start":{"line":40,"column":10},"end":{"line":42,"column":5}}]}},"b":{"0":[74],"1":[40],"2":[2],"3":[38],"4":[2],"5":[36],"6":[43],"7":[37],"8":[22],"9":[15],"10":[6],"11":[37],"12":[6],"13":[1],"14":[0],"15":[37]},"fnMap":{"0":{"name":"useTheme","decl":{"start":{"line":8,"column":24},"end":{"line":48,"column":2}},"loc":{"start":{"line":8,"column":24},"end":{"line":48,"column":2}},"line":8},"1":{"name":"handleChange","decl":{"start":{"line":34,"column":24},"end":{"line":38,"column":5}},"loc":{"start":{"line":34,"column":24},"end":{"line":38,"column":5}},"line":34}},"f":{"0":74,"1":1}}
,"/Users/doberkofler/MyShare/doberkofler/ai-test-rest-router/client/src/layouts/main-layout.tsx": {"path":"/Users/doberkofler/MyShare/doberkofler/ai-test-rest-router/client/src/layouts/main-layout.tsx","all":false,"statementMap":{"0":{"start":{"line":1,"column":0},"end":{"line":1,"column":26}},"1":{"start":{"line":2,"column":0},"end":{"line":2,"column":62}},"2":{"start":{"line":3,"column":0},"end":{"line":3,"column":49}},"3":{"start":{"line":4,"column":0},"end":{"line":4,"column":59}},"9":{"start":{"line":10,"column":0},"end":{"line":10,"column":43}},"10":{"start":{"line":11,"column":0},"end":{"line":11,"column":28}},"11":{"start":{"line":12,"column":0},"end":{"line":12,"column":45}},"12":{"start":{"line":13,"column":0},"end":{"line":13,"column":32}},"14":{"start":{"line":15,"column":0},"end":{"line":15,"column":29}},"15":{"start":{"line":16,"column":0},"end":{"line":16,"column":50}},"16":{"start":{"line":17,"column":0},"end":{"line":17,"column":18}},"17":{"start":{"line":18,"column":0},"end":{"line":18,"column":26}},"18":{"start":{"line":19,"column":0},"end":{"line":19,"column":4}},"19":{"start":{"line":20,"column":0},"end":{"line":20,"column":16}},"20":{"start":{"line":21,"column":0},"end":{"line":21,"column":13}},"21":{"start":{"line":22,"column":0},"end":{"line":22,"column":23}},"22":{"start":{"line":23,"column":0},"end":{"line":23,"column":5}},"23":{"start":{"line":24,"column":0},"end":{"line":24,"column":31}},"24":{"start":{"line":25,"column":0},"end":{"line":25,"column":42}},"25":{"start":{"line":26,"column":0},"end":{"line":26,"column":49}},"26":{"start":{"line":27,"column":0},"end":{"line":27,"column":23}},"27":{"start":{"line":28,"column":0},"end":{"line":28,"column":6}},"28":{"start":{"line":29,"column":0},"end":{"line":29,"column":3}},"30":{"start":{"line":31,"column":0},"end":{"line":31,"column":28}},"31":{"start":{"line":32,"column":0},"end":{"line":32,"column":56}},"32":{"start":{"line":33,"column":0},"end":{"line":33,"column":22}},"33":{"start":{"line":34,"column":0},"end":{"line":34,"column":3}},"35":{"start":{"line":36,"column":0},"end":{"line":36,"column":50}},"37":{"start":{"line":38,"column":0},"end":{"line":38,"column":9}},"38":{"start":{"line":39,"column":0},"end":{"line":39,"column":36}},"39":{"start":{"line":40,"column":0},"end":{"line":40,"column":81}},"40":{"start":{"line":41,"column":0},"end":{"line":41,"column":27}},"41":{"start":{"line":42,"column":0},"end":{"line":42,"column":9}},"42":{"start":{"line":43,"column":0},"end":{"line":43,"column":10}},"43":{"start":{"line":44,"column":0},"end":{"line":44,"column":92}},"44":{"start":{"line":45,"column":0},"end":{"line":45,"column":11}},"45":{"start":{"line":46,"column":0},"end":{"line":46,"column":10}},"46":{"start":{"line":47,"column":0},"end":{"line":47,"column":98}},"47":{"start":{"line":48,"column":0},"end":{"line":48,"column":11}},"48":{"start":{"line":49,"column":0},"end":{"line":49,"column":10}},"49":{"start":{"line":50,"column":0},"end":{"line":50,"column":104}},"50":{"start":{"line":51,"column":0},"end":{"line":51,"column":11}},"51":{"start":{"line":52,"column":0},"end":{"line":52,"column":10}},"52":{"start":{"line":53,"column":0},"end":{"line":53,"column":10}},"53":{"start":{"line":54,"column":0},"end":{"line":54,"column":69}},"54":{"start":{"line":55,"column":0},"end":{"line":55,"column":13}},"55":{"start":{"line":56,"column":0},"end":{"line":56,"column":27}},"56":{"start":{"line":57,"column":0},"end":{"line":57,"column":69}},"57":{"start":{"line":58,"column":0},"end":{"line":58,"column":155}},"59":{"start":{"line":60,"column":0},"end":{"line":60,"column":17}},"60":{"start":{"line":61,"column":0},"end":{"line":61,"column":14}},"61":{"start":{"line":62,"column":0},"end":{"line":62,"column":13}},"62":{"start":{"line":63,"column":0},"end":{"line":63,"column":28}},"63":{"start":{"line":64,"column":0},"end":{"line":64,"column":137}},"64":{"start":{"line":65,"column":0},"end":{"line":65,"column":6}},"66":{"start":{"line":67,"column":0},"end":{"line":67,"column":14}},"67":{"start":{"line":68,"column":0},"end":{"line":68,"column":10}},"68":{"start":{"line":69,"column":0},"end":{"line":69,"column":11}},"69":{"start":{"line":70,"column":0},"end":{"line":70,"column":29}},"70":{"start":{"line":71,"column":0},"end":{"line":71,"column":14}},"71":{"start":{"line":72,"column":0},"end":{"line":72,"column":10}},"72":{"start":{"line":73,"column":0},"end":{"line":73,"column":8}},"74":{"start":{"line":75,"column":0},"end":{"line":75,"column":2}}},"s":{"0":1,"1":1,"2":1,"3":1,"9":1,"10":6,"11":6,"12":6,"14":6,"15":2,"16":2,"17":2,"18":2,"19":2,"20":1,"21":1,"22":2,"23":2,"24":1,"25":1,"26":1,"27":2,"28":2,"30":6,"31":0,"32":0,"33":0,"35":6,"37":6,"38":6,"39":6,"40":6,"41":6,"42":6,"43":6,"44":6,"45":6,"46":6,"47":6,"48":6,"49":6,"50":6,"51":6,"52":6,"53":6,"54":6,"55":6,"56":6,"57":6,"59":6,"60":6,"61":6,"62":6,"63":6,"64":6,"66":6,"67":6,"68":6,"69":6,"70":6,"71":6,"72":6,"74":6},"branchMap":{"0":{"type":"branch","line":1,"loc":{"start":{"line":1,"column":18},"end":{"line":1,"column":26}},"locations":[{"start":{"line":1,"column":18},"end":{"line":1,"column":26}}]},"1":{"type":"branch","line":10,"loc":{"start":{"line":10,"column":36},"end":{"line":75,"column":2}},"locations":[{"start":{"line":10,"column":36},"end":{"line":75,"column":2}}]},"2":{"type":"branch","line":36,"loc":{"start":{"line":36,"column":29},"end":{"line":36,"column":45}},"locations":[{"start":{"line":36,"column":29},"end":{"line":36,"column":45}}]},"3":{"type":"branch","line":57,"loc":{"start":{"line":57,"column":36},"end":{"line":57,"column":55}},"locations":[{"start":{"line":57,"column":36},"end":{"line":57,"column":55}}]},"4":{"type":"branch","line":15,"loc":{"start":{"line":15,"column":22},"end":{"line":29,"column":3}},"locations":[{"start":{"line":15,"column":22},"end":{"line":29,"column":3}}]},"5":{"type":"branch","line":20,"loc":{"start":{"line":20,"column":9},"end":{"line":23,"column":4}},"locations":[{"start":{"line":20,"column":9},"end":{"line":23,"column":4}}]},"6":{"type":"branch","line":24,"loc":{"start":{"line":24,"column":10},"end":{"line":28,"column":4}},"locations":[{"start":{"line":24,"column":10},"end":{"line":28,"column":4}}]},"7":{"type":"branch","line":44,"loc":{"start":{"line":44,"column":34},"end":{"line":44,"column":78}},"locations":[{"start":{"line":44,"column":34},"end":{"line":44,"column":78}}]},"8":{"type":"branch","line":44,"loc":{"start":{"line":44,"column":51},"end":{"line":44,"column":73}},"locations":[{"start":{"line":44,"column":51},"end":{"line":44,"column":73}}]},"9":{"type":"branch","line":44,"loc":{"start":{"line":44,"column":62},"end":{"line":44,"column":78}},"locations":[{"start":{"line":44,"column":62},"end":{"line":44,"column":78}}]},"10":{"type":"branch","line":47,"loc":{"start":{"line":47,"column":39},"end":{"line":47,"column":83}},"locations":[{"start":{"line":47,"column":39},"end":{"line":47,"column":83}}]},"11":{"type":"branch","line":47,"loc":{"start":{"line":47,"column":56},"end":{"line":47,"column":78}},"locations":[{"start":{"line":47,"column":56},"end":{"line":47,"column":78}}]},"12":{"type":"branch","line":47,"loc":{"start":{"line":47,"column":67},"end":{"line":47,"column":83}},"locations":[{"start":{"line":47,"column":67},"end":{"line":47,"column":83}}]},"13":{"type":"branch","line":50,"loc":{"start":{"line":50,"column":42},"end":{"line":50,"column":86}},"locations":[{"start":{"line":50,"column":42},"end":{"line":50,"column":86}}]},"14":{"type":"branch","line":50,"loc":{"start":{"line":50,"column":59},"end":{"line":50,"column":81}},"locations":[{"start":{"line":50,"column":59},"end":{"line":50,"column":81}}]},"15":{"type":"branch","line":50,"loc":{"start":{"line":50,"column":70},"end":{"line":50,"column":86}},"locations":[{"start":{"line":50,"column":70},"end":{"line":50,"column":86}}]}},"b":{"0":[0],"1":[6],"2":[0],"3":[0],"4":[2],"5":[1],"6":[1],"7":[6],"8":[4],"9":[2],"10":[6],"11":[1],"12":[5],"13":[6],"14":[1],"15":[5]},"fnMap":{"0":{"name":"MainLayout","decl":{"start":{"line":10,"column":36},"end":{"line":75,"column":2}},"loc":{"start":{"line":10,"column":36},"end":{"line":75,"column":2}},"line":10},"1":{"name":"handleLogout","decl":{"start":{"line":15,"column":22},"end":{"line":29,"column":3}},"loc":{"start":{"line":15,"column":22},"end":{"line":29,"column":3}},"line":15},"2":{"name":"toggleTheme","decl":{"start":{"line":31,"column":21},"end":{"line":34,"column":3}},"loc":{"start":{"line":31,"column":21},"end":{"line":34,"column":3}},"line":31},"3":{"name":"className","decl":{"start":{"line":44,"column":34},"end":{"line":44,"column":78}},"loc":{"start":{"line":44,"column":34},"end":{"line":44,"column":78}},"line":44},"4":{"name":"className","decl":{"start":{"line":47,"column":39},"end":{"line":47,"column":83}},"loc":{"start":{"line":47,"column":39},"end":{"line":47,"column":83}},"line":47},"5":{"name":"className","decl":{"start":{"line":50,"column":42},"end":{"line":50,"column":86}},"loc":{"start":{"line":50,"column":42},"end":{"line":50,"column":86}},"line":50}},"f":{"0":6,"1":2,"2":0,"3":6,"4":6,"5":6}}
,"/Users/doberkofler/MyShare/doberkofler/ai-test-rest-router/client/src/pages/about-page.tsx": {"path":"/Users/doberkofler/MyShare/doberkofler/ai-test-rest-router/client/src/pages/about-page.tsx","all":false,"statementMap":{"0":{"start":{"line":1,"column":0},"end":{"line":1,"column":49}},"1":{"start":{"line":2,"column":0},"end":{"line":2,"column":47}},"2":{"start":{"line":3,"column":0},"end":{"line":3,"column":49}},"8":{"start":{"line":9,"column":0},"end":{"line":9,"column":58}},"9":{"start":{"line":10,"column":0},"end":{"line":10,"column":60}},"10":{"start":{"line":11,"column":0},"end":{"line":11,"column":25}},"11":{"start":{"line":12,"column":0},"end":{"line":12,"column":4}},"12":{"start":{"line":13,"column":0},"end":{"line":13,"column":14}},"13":{"start":{"line":14,"column":0},"end":{"line":14,"column":41}},"14":{"start":{"line":15,"column":0},"end":{"line":15,"column":38}},"15":{"start":{"line":16,"column":0},"end":{"line":16,"column":2}},"16":{"start":{"line":17,"column":0},"end":{"line":17,"column":65}},"17":{"start":{"line":18,"column":0},"end":{"line":18,"column":2}},"23":{"start":{"line":24,"column":0},"end":{"line":24,"column":42}},"24":{"start":{"line":25,"column":0},"end":{"line":25,"column":72}},"26":{"start":{"line":27,"column":0},"end":{"line":27,"column":8}},"27":{"start":{"line":28,"column":0},"end":{"line":28,"column":19}},"28":{"start":{"line":29,"column":0},"end":{"line":29,"column":8}},"29":{"start":{"line":30,"column":0},"end":{"line":30,"column":12}},"30":{"start":{"line":31,"column":0},"end":{"line":31,"column":15}},"31":{"start":{"line":32,"column":0},"end":{"line":32,"column":27}},"32":{"start":{"line":33,"column":0},"end":{"line":33,"column":27}},"33":{"start":{"line":34,"column":0},"end":{"line":34,"column":24}},"34":{"start":{"line":35,"column":0},"end":{"line":35,"column":4}},"36":{"start":{"line":37,"column":0},"end":{"line":37,"column":18}},"37":{"start":{"line":38,"column":0},"end":{"line":38,"column":35}},"38":{"start":{"line":39,"column":0},"end":{"line":39,"column":43}},"39":{"start":{"line":40,"column":0},"end":{"line":40,"column":11}},"40":{"start":{"line":41,"column":0},"end":{"line":41,"column":16}},"41":{"start":{"line":42,"column":0},"end":{"line":42,"column":24}},"42":{"start":{"line":43,"column":0},"end":{"line":43,"column":4}},"43":{"start":{"line":44,"column":0},"end":{"line":44,"column":8}},"45":{"start":{"line":46,"column":0},"end":{"line":46,"column":9}},"46":{"start":{"line":47,"column":0},"end":{"line":47,"column":7}},"47":{"start":{"line":48,"column":0},"end":{"line":48,"column":17}},"49":{"start":{"line":50,"column":0},"end":{"line":50,"column":12}},"50":{"start":{"line":51,"column":0},"end":{"line":51,"column":31}},"51":{"start":{"line":52,"column":0},"end":{"line":52,"column":8}},"52":{"start":{"line":53,"column":0},"end":{"line":53,"column":52}},"53":{"start":{"line":54,"column":0},"end":{"line":54,"column":40}},"54":{"start":{"line":55,"column":0},"end":{"line":55,"column":44}},"55":{"start":{"line":56,"column":0},"end":{"line":56,"column":9}},"56":{"start":{"line":57,"column":0},"end":{"line":57,"column":13}},"58":{"start":{"line":59,"column":0},"end":{"line":59,"column":12}},"59":{"start":{"line":60,"column":0},"end":{"line":60,"column":31}},"60":{"start":{"line":61,"column":0},"end":{"line":61,"column":32}},"61":{"start":{"line":62,"column":0},"end":{"line":62,"column":57}},"63":{"start":{"line":64,"column":0},"end":{"line":64,"column":18}},"64":{"start":{"line":65,"column":0},"end":{"line":65,"column":34}},"66":{"start":{"line":67,"column":0},"end":{"line":67,"column":20}},"67":{"start":{"line":68,"column":0},"end":{"line":68,"column":10}},"68":{"start":{"line":69,"column":0},"end":{"line":69,"column":60}},"69":{"start":{"line":70,"column":0},"end":{"line":70,"column":53}},"70":{"start":{"line":71,"column":0},"end":{"line":71,"column":54}},"71":{"start":{"line":72,"column":0},"end":{"line":72,"column":60}},"72":{"start":{"line":73,"column":0},"end":{"line":73,"column":11}},"75":{"start":{"line":76,"column":0},"end":{"line":76,"column":13}},"76":{"start":{"line":77,"column":0},"end":{"line":77,"column":8}},"78":{"start":{"line":79,"column":0},"end":{"line":79,"column":2}}},"s":{"0":1,"1":1,"2":1,"8":1,"9":4,"10":4,"11":4,"12":4,"13":3,"14":3,"15":3,"16":1,"17":1,"23":1,"24":7,"26":7,"27":7,"28":7,"29":7,"30":7,"31":7,"32":7,"33":7,"34":7,"36":7,"37":4,"38":0,"39":4,"40":4,"41":4,"42":4,"43":7,"45":7,"46":7,"47":7,"49":7,"50":7,"51":7,"52":7,"53":7,"54":7,"55":7,"56":7,"58":7,"59":7,"60":7,"61":3,"63":7,"64":1,"66":6,"67":6,"68":6,"69":6,"70":6,"71":6,"72":6,"75":7,"76":7,"78":7},"branchMap":{"0":{"type":"branch","line":1,"loc":{"start":{"line":1,"column":41},"end":{"line":1,"column":49}},"locations":[{"start":{"line":1,"column":41},"end":{"line":1,"column":49}}]},"1":{"type":"branch","line":9,"loc":{"start":{"line":9,"column":24},"end":{"line":18,"column":2}},"locations":[{"start":{"line":9,"column":24},"end":{"line":18,"column":2}}]},"2":{"type":"branch","line":13,"loc":{"start":{"line":13,"column":13},"end":{"line":16,"column":2}},"locations":[{"start":{"line":13,"column":13},"end":{"line":16,"column":2}}]},"3":{"type":"branch","line":16,"loc":{"start":{"line":16,"column":1},"end":{"line":18,"column":2}},"locations":[{"start":{"line":16,"column":1},"end":{"line":18,"column":2}}]},"4":{"type":"branch","line":24,"loc":{"start":{"line":24,"column":35},"end":{"line":79,"column":2}},"locations":[{"start":{"line":24,"column":35},"end":{"line":79,"column":2}}]},"5":{"type":"branch","line":61,"loc":{"start":{"line":61,"column":22},"end":{"line":62,"column":57}},"locations":[{"start":{"line":61,"column":22},"end":{"line":62,"column":57}}]},"6":{"type":"branch","line":64,"loc":{"start":{"line":64,"column":5},"end":{"line":65,"column":34}},"locations":[{"start":{"line":64,"column":5},"end":{"line":65,"column":34}}]},"7":{"type":"branch","line":65,"loc":{"start":{"line":65,"column":30},"end":{"line":73,"column":11}},"locations":[{"start":{"line":65,"column":30},"end":{"line":73,"column":11}}]},"8":{"type":"branch","line":37,"loc":{"start":{"line":37,"column":11},"end":{"line":44,"column":4}},"locations":[{"start":{"line":37,"column":11},"end":{"line":44,"column":4}}]},"9":{"type":"branch","line":41,"loc":{"start":{"line":41,"column":9},"end":{"line":43,"column":4}},"locations":[{"start":{"line":41,"column":9},"end":{"line":43,"column":4}}]}},"b":{"0":[0],"1":[4],"2":[3],"3":[1],"4":[7],"5":[3],"6":[1],"7":[6],"8":[4],"9":[4]},"fnMap":{"0":{"name":"fetchServerInfo","decl":{"start":{"line":9,"column":24},"end":{"line":18,"column":2}},"loc":{"start":{"line":9,"column":24},"end":{"line":18,"column":2}},"line":9},"1":{"name":"AboutPage","decl":{"start":{"line":24,"column":35},"end":{"line":79,"column":2}},"loc":{"start":{"line":24,"column":35},"end":{"line":79,"column":2}},"line":24}},"f":{"0":4,"1":7}}
,"/Users/doberkofler/MyShare/doberkofler/ai-test-rest-router/client/src/pages/home-page.tsx": {"path":"/Users/doberkofler/MyShare/doberkofler/ai-test-rest-router/client/src/pages/home-page.tsx","all":false,"statementMap":{"0":{"start":{"line":1,"column":0},"end":{"line":1,"column":26}},"6":{"start":{"line":7,"column":0},"end":{"line":7,"column":41}},"7":{"start":{"line":8,"column":0},"end":{"line":8,"column":9}},"8":{"start":{"line":9,"column":0},"end":{"line":9,"column":7}},"9":{"start":{"line":10,"column":0},"end":{"line":10,"column":16}},"10":{"start":{"line":11,"column":0},"end":{"line":11,"column":43}},"11":{"start":{"line":12,"column":0},"end":{"line":12,"column":8}},"13":{"start":{"line":14,"column":0},"end":{"line":14,"column":2}}},"s":{"0":1,"6":1,"7":4,"8":4,"9":4,"10":4,"11":4,"13":4},"branchMap":{"0":{"type":"branch","line":1,"loc":{"start":{"line":1,"column":18},"end":{"line":1,"column":26}},"locations":[{"start":{"line":1,"column":18},"end":{"line":1,"column":26}}]},"1":{"type":"branch","line":7,"loc":{"start":{"line":7,"column":34},"end":{"line":14,"column":2}},"locations":[{"start":{"line":7,"column":34},"end":{"line":14,"column":2}}]}},"b":{"0":[0],"1":[4]},"fnMap":{"0":{"name":"HomePage","decl":{"start":{"line":7,"column":34},"end":{"line":14,"column":2}},"loc":{"start":{"line":7,"column":34},"end":{"line":14,"column":2}},"line":7}},"f":{"0":4}}
,"/Users/doberkofler/MyShare/doberkofler/ai-test-rest-router/client/src/pages/login-page.tsx": {"path":"/Users/doberkofler/MyShare/doberkofler/ai-test-rest-router/client/src/pages/login-page.tsx","all":false,"statementMap":{"0":{"start":{"line":1,"column":0},"end":{"line":1,"column":38}},"1":{"start":{"line":2,"column":0},"end":{"line":2,"column":49}},"2":{"start":{"line":3,"column":0},"end":{"line":3,"column":59}},"3":{"start":{"line":4,"column":0},"end":{"line":4,"column":58}},"14":{"start":{"line":15,"column":0},"end":{"line":15,"column":42}},"15":{"start":{"line":16,"column":0},"end":{"line":16,"column":51}},"16":{"start":{"line":17,"column":0},"end":{"line":17,"column":52}},"17":{"start":{"line":18,"column":0},"end":{"line":18,"column":57}},"18":{"start":{"line":19,"column":0},"end":{"line":19,"column":27}},"19":{"start":{"line":20,"column":0},"end":{"line":20,"column":45}},"20":{"start":{"line":21,"column":0},"end":{"line":21,"column":32}},"21":{"start":{"line":22,"column":0},"end":{"line":22,"column":32}},"23":{"start":{"line":24,"column":0},"end":{"line":24,"column":68}},"24":{"start":{"line":25,"column":0},"end":{"line":25,"column":43}},"26":{"start":{"line":27,"column":0},"end":{"line":27,"column":52}},"27":{"start":{"line":28,"column":0},"end":{"line":28,"column":21}},"28":{"start":{"line":29,"column":0},"end":{"line":29,"column":17}},"30":{"start":{"line":31,"column":0},"end":{"line":31,"column":49}},"31":{"start":{"line":32,"column":0},"end":{"line":32,"column":18}},"32":{"start":{"line":33,"column":0},"end":{"line":33,"column":49}},"33":{"start":{"line":34,"column":0},"end":{"line":34,"column":46}},"34":{"start":{"line":35,"column":0},"end":{"line":35,"column":26}},"35":{"start":{"line":36,"column":0},"end":{"line":36,"column":4}},"36":{"start":{"line":37,"column":0},"end":{"line":37,"column":25}},"37":{"start":{"line":38,"column":0},"end":{"line":38,"column":17}},"38":{"start":{"line":39,"column":0},"end":{"line":39,"column":45}},"39":{"start":{"line":40,"column":0},"end":{"line":40,"column":5}},"40":{"start":{"line":41,"column":0},"end":{"line":41,"column":54}},"41":{"start":{"line":42,"column":0},"end":{"line":42,"column":50}},"42":{"start":{"line":43,"column":0},"end":{"line":43,"column":5}},"43":{"start":{"line":44,"column":0},"end":{"line":44,"column":20}},"44":{"start":{"line":45,"column":0},"end":{"line":45,"column":16}},"45":{"start":{"line":46,"column":0},"end":{"line":46,"column":36}},"46":{"start":{"line":47,"column":0},"end":{"line":47,"column":5}},"47":{"start":{"line":48,"column":0},"end":{"line":48,"column":32}},"48":{"start":{"line":49,"column":0},"end":{"line":49,"column":34}},"49":{"start":{"line":50,"column":0},"end":{"line":50,"column":30}},"50":{"start":{"line":51,"column":0},"end":{"line":51,"column":12}},"51":{"start":{"line":52,"column":0},"end":{"line":52,"column":31}},"52":{"start":{"line":53,"column":0},"end":{"line":53,"column":5}},"53":{"start":{"line":54,"column":0},"end":{"line":54,"column":6}},"54":{"start":{"line":55,"column":0},"end":{"line":55,"column":3}},"56":{"start":{"line":57,"column":0},"end":{"line":57,"column":28}},"57":{"start":{"line":58,"column":0},"end":{"line":58,"column":56}},"58":{"start":{"line":59,"column":0},"end":{"line":59,"column":22}},"59":{"start":{"line":60,"column":0},"end":{"line":60,"column":3}},"61":{"start":{"line":62,"column":0},"end":{"line":62,"column":50}},"64":{"start":{"line":65,"column":0},"end":{"line":65,"column":33}},"65":{"start":{"line":66,"column":0},"end":{"line":66,"column":52}},"66":{"start":{"line":67,"column":0},"end":{"line":67,"column":50}},"67":{"start":{"line":68,"column":0},"end":{"line":68,"column":48}},"68":{"start":{"line":69,"column":0},"end":{"line":69,"column":46}},"69":{"start":{"line":70,"column":0},"end":{"line":70,"column":45}},"70":{"start":{"line":71,"column":0},"end":{"line":71,"column":48}},"71":{"start":{"line":72,"column":0},"end":{"line":72,"column":30}},"72":{"start":{"line":73,"column":0},"end":{"line":73,"column":28}},"73":{"start":{"line":74,"column":0},"end":{"line":74,"column":51}},"74":{"start":{"line":75,"column":0},"end":{"line":75,"column":51}},"76":{"start":{"line":77,"column":0},"end":{"line":77,"column":9}},"77":{"start":{"line":78,"column":0},"end":{"line":78,"column":167}},"78":{"start":{"line":79,"column":0},"end":{"line":79,"column":11}},"79":{"start":{"line":80,"column":0},"end":{"line":80,"column":25}},"80":{"start":{"line":81,"column":0},"end":{"line":81,"column":67}},"81":{"start":{"line":82,"column":0},"end":{"line":82,"column":234}},"83":{"start":{"line":84,"column":0},"end":{"line":84,"column":15}},"84":{"start":{"line":85,"column":0},"end":{"line":85,"column":12}},"85":{"start":{"line":86,"column":0},"end":{"line":86,"column":249}},"86":{"start":{"line":87,"column":0},"end":{"line":87,"column":91}},"87":{"start":{"line":88,"column":0},"end":{"line":88,"column":106}},"88":{"start":{"line":89,"column":0},"end":{"line":89,"column":40}},"89":{"start":{"line":90,"column":0},"end":{"line":90,"column":136}},"90":{"start":{"line":91,"column":0},"end":{"line":91,"column":11}},"91":{"start":{"line":92,"column":0},"end":{"line":92,"column":19}},"92":{"start":{"line":93,"column":0},"end":{"line":93,"column":17}},"93":{"start":{"line":94,"column":0},"end":{"line":94,"column":22}},"94":{"start":{"line":95,"column":0},"end":{"line":95,"column":24}},"95":{"start":{"line":96,"column":0},"end":{"line":96,"column":35}},"96":{"start":{"line":97,"column":0},"end":{"line":97,"column":8}},"97":{"start":{"line":98,"column":0},"end":{"line":98,"column":189}},"98":{"start":{"line":99,"column":0},"end":{"line":99,"column":7}},"99":{"start":{"line":100,"column":0},"end":{"line":100,"column":10}},"100":{"start":{"line":101,"column":0},"end":{"line":101,"column":42}},"101":{"start":{"line":102,"column":0},"end":{"line":102,"column":136}},"102":{"start":{"line":103,"column":0},"end":{"line":103,"column":11}},"103":{"start":{"line":104,"column":0},"end":{"line":104,"column":19}},"104":{"start":{"line":105,"column":0},"end":{"line":105,"column":21}},"105":{"start":{"line":106,"column":0},"end":{"line":106,"column":22}},"106":{"start":{"line":107,"column":0},"end":{"line":107,"column":24}},"107":{"start":{"line":108,"column":0},"end":{"line":108,"column":35}},"108":{"start":{"line":109,"column":0},"end":{"line":109,"column":8}},"109":{"start":{"line":110,"column":0},"end":{"line":110,"column":189}},"110":{"start":{"line":111,"column":0},"end":{"line":111,"column":7}},"111":{"start":{"line":112,"column":0},"end":{"line":112,"column":10}},"112":{"start":{"line":113,"column":0},"end":{"line":113,"column":237}},"114":{"start":{"line":115,"column":0},"end":{"line":115,"column":13}},"115":{"start":{"line":116,"column":0},"end":{"line":116,"column":10}},"116":{"start":{"line":117,"column":0},"end":{"line":117,"column":8}},"118":{"start":{"line":119,"column":0},"end":{"line":119,"column":2}}},"s":{"0":1,"1":1,"2":1,"3":1,"14":1,"15":26,"16":26,"17":26,"18":26,"19":26,"20":26,"21":26,"23":26,"24":26,"26":26,"27":6,"28":6,"30":6,"31":6,"32":6,"33":6,"34":6,"35":6,"36":6,"37":5,"38":2,"39":2,"40":3,"41":5,"42":6,"43":6,"44":2,"45":2,"46":6,"47":6,"48":4,"49":3,"50":4,"51":1,"52":1,"53":6,"54":6,"56":26,"57":0,"58":0,"59":0,"61":26,"64":26,"65":26,"66":26,"67":26,"68":26,"69":26,"70":26,"71":26,"72":26,"73":26,"74":26,"76":26,"77":26,"78":26,"79":26,"80":26,"81":26,"83":26,"84":26,"85":26,"86":26,"87":26,"88":26,"89":26,"90":26,"91":26,"92":26,"93":26,"94":26,"95":1,"96":1,"97":26,"98":26,"99":26,"100":26,"101":26,"102":26,"103":26,"104":26,"105":26,"106":26,"107":1,"108":1,"109":26,"110":26,"111":26,"112":26,"114":26,"115":26,"116":26,"118":26},"branchMap":{"0":{"type":"branch","line":1,"loc":{"start":{"line":1,"column":30},"end":{"line":1,"column":38}},"locations":[{"start":{"line":1,"column":30},"end":{"line":1,"column":38}}]},"1":{"type":"branch","line":15,"loc":{"start":{"line":15,"column":35},"end":{"line":119,"column":2}},"locations":[{"start":{"line":15,"column":35},"end":{"line":119,"column":2}}]},"2":{"type":"branch","line":25,"loc":{"start":{"line":25,"column":14},"end":{"line":25,"column":39}},"locations":[{"start":{"line":25,"column":14},"end":{"line":25,"column":39}}]},"3":{"type":"branch","line":25,"loc":{"start":{"line":25,"column":27},"end":{"line":25,"column":43}},"locations":[{"start":{"line":25,"column":27},"end":{"line":25,"column":43}}]},"4":{"type":"branch","line":62,"loc":{"start":{"line":62,"column":29},"end":{"line":62,"column":45}},"locations":[{"start":{"line":62,"column":29},"end":{"line":62,"column":45}}]},"5":{"type":"branch","line":66,"loc":{"start":{"line":66,"column":21},"end":{"line":66,"column":42}},"locations":[{"start":{"line":66,"column":21},"end":{"line":66,"column":42}}]},"6":{"type":"branch","line":67,"loc":{"start":{"line":67,"column":25},"end":{"line":67,"column":43}},"locations":[{"start":{"line":67,"column":25},"end":{"line":67,"column":43}}]},"7":{"type":"branch","line":68,"loc":{"start":{"line":68,"column":17},"end":{"line":68,"column":38}},"locations":[{"start":{"line":68,"column":17},"end":{"line":68,"column":38}}]},"8":{"type":"branch","line":69,"loc":{"start":{"line":69,"column":21},"end":{"line":69,"column":39}},"locations":[{"start":{"line":69,"column":21},"end":{"line":69,"column":39}}]},"9":{"type":"branch","line":70,"loc":{"start":{"line":70,"column":20},"end":{"line":70,"column":38}},"locations":[{"start":{"line":70,"column":20},"end":{"line":70,"column":38}}]},"10":{"type":"branch","line":71,"loc":{"start":{"line":71,"column":20},"end":{"line":71,"column":38}},"locations":[{"start":{"line":71,"column":20},"end":{"line":71,"column":38}}]},"11":{"type":"branch","line":74,"loc":{"start":{"line":74,"column":23},"end":{"line":74,"column":41}},"locations":[{"start":{"line":74,"column":23},"end":{"line":74,"column":41}}]},"12":{"type":"branch","line":75,"loc":{"start":{"line":75,"column":26},"end":{"line":75,"column":44}},"locations":[{"start":{"line":75,"column":26},"end":{"line":75,"column":44}}]},"13":{"type":"branch","line":78,"loc":{"start":{"line":78,"column":134},"end":{"line":78,"column":155}},"locations":[{"start":{"line":78,"column":134},"end":{"line":78,"column":155}}]},"14":{"type":"branch","line":81,"loc":{"start":{"line":81,"column":34},"end":{"line":81,"column":53}},"locations":[{"start":{"line":81,"column":34},"end":{"line":81,"column":53}}]},"15":{"type":"branch","line":86,"loc":{"start":{"line":86,"column":174},"end":{"line":86,"column":216}},"locations":[{"start":{"line":86,"column":174},"end":{"line":86,"column":216}}]},"16":{"type":"branch","line":88,"loc":{"start":{"line":88,"column":5},"end":{"line":88,"column":101}},"locations":[{"start":{"line":88,"column":5},"end":{"line":88,"column":101}}]},"17":{"type":"branch","line":88,"loc":{"start":{"line":88,"column":94},"end":{"line":88,"column":106}},"locations":[{"start":{"line":88,"column":94},"end":{"line":88,"column":106}}]},"18":{"type":"branch","line":27,"loc":{"start":{"line":27,"column":22},"end":{"line":55,"column":3}},"locations":[{"start":{"line":27,"column":22},"end":{"line":55,"column":3}}]},"19":{"type":"branch","line":37,"loc":{"start":{"line":37,"column":9},"end":{"line":43,"column":4}},"locations":[{"start":{"line":37,"column":9},"end":{"line":43,"column":4}}]},"20":{"type":"branch","line":38,"loc":{"start":{"line":38,"column":16},"end":{"line":40,"column":5}},"locations":[{"start":{"line":38,"column":16},"end":{"line":40,"column":5}}]},"21":{"type":"branch","line":40,"loc":{"start":{"line":40,"column":4},"end":{"line":41,"column":54}},"locations":[{"start":{"line":40,"column":4},"end":{"line":41,"column":54}}]},"22":{"type":"branch","line":41,"loc":{"start":{"line":41,"column":32},"end":{"line":42,"column":34}},"locations":[{"start":{"line":41,"column":32},"end":{"line":42,"column":34}}]},"23":{"type":"branch","line":42,"loc":{"start":{"line":42,"column":25},"end":{"line":42,"column":48}},"locations":[{"start":{"line":42,"column":25},"end":{"line":42,"column":48}}]},"24":{"type":"branch","line":44,"loc":{"start":{"line":44,"column":9},"end":{"line":47,"column":4}},"locations":[{"start":{"line":44,"column":9},"end":{"line":47,"column":4}}]},"25":{"type":"branch","line":48,"loc":{"start":{"line":48,"column":10},"end":{"line":54,"column":4}},"locations":[{"start":{"line":48,"column":10},"end":{"line":54,"column":4}}]},"26":{"type":"branch","line":49,"loc":{"start":{"line":49,"column":33},"end":{"line":51,"column":11}},"locations":[{"start":{"line":49,"column":33},"end":{"line":51,"column":11}}]},"27":{"type":"branch","line":51,"loc":{"start":{"line":51,"column":4},"end":{"line":53,"column":5}},"locations":[{"start":{"line":51,"column":4},"end":{"line":53,"column":5}}]},"28":{"type":"branch","line":95,"loc":{"start":{"line":95,"column":16},"end":{"line":97,"column":8}},"locations":[{"start":{"line":95,"column":16},"end":{"line":97,"column":8}}]},"29":{"type":"branch","line":107,"loc":{"start":{"line":107,"column":16},"end":{"line":109,"column":8}},"locations":[{"start":{"line":107,"column":16},"end":{"line":109,"column":8}}]}},"b":{"0":[0],"1":[26],"2":[4],"3":[22],"4":[0],"5":[0],"6":[0],"7":[0],"8":[0],"9":[0],"10":[0],"11":[0],"12":[0],"13":[0],"14":[0],"15":[0],"16":[8],"17":[18],"18":[6],"19":[5],"20":[2],"21":[3],"22":[2],"23":[1],"24":[2],"25":[4],"26":[3],"27":[1],"28":[1],"29":[1]},"fnMap":{"0":{"name":"LoginPage","decl":{"start":{"line":15,"column":35},"end":{"line":119,"column":2}},"loc":{"start":{"line":15,"column":35},"end":{"line":119,"column":2}},"line":15},"1":{"name":"handleSubmit","decl":{"start":{"line":27,"column":22},"end":{"line":55,"column":3}},"loc":{"start":{"line":27,"column":22},"end":{"line":55,"column":3}},"line":27},"2":{"name":"toggleTheme","decl":{"start":{"line":57,"column":21},"end":{"line":60,"column":3}},"loc":{"start":{"line":57,"column":21},"end":{"line":60,"column":3}},"line":57},"3":{"name":"onChange","decl":{"start":{"line":95,"column":16},"end":{"line":97,"column":8}},"loc":{"start":{"line":95,"column":16},"end":{"line":97,"column":8}},"line":95},"4":{"name":"onChange","decl":{"start":{"line":107,"column":16},"end":{"line":109,"column":8}},"loc":{"start":{"line":107,"column":16},"end":{"line":109,"column":8}},"line":107}},"f":{"0":26,"1":6,"2":0,"3":1,"4":1}}
,"/Users/doberkofler/MyShare/doberkofler/ai-test-rest-router/client/src/pages/settings-page.tsx": {"path":"/Users/doberkofler/MyShare/doberkofler/ai-test-rest-router/client/src/pages/settings-page.tsx","all":false,"statementMap":{"0":{"start":{"line":1,"column":0},"end":{"line":1,"column":38}},"1":{"start":{"line":2,"column":0},"end":{"line":2,"column":76}},"2":{"start":{"line":3,"column":0},"end":{"line":3,"column":46}},"4":{"start":{"line":5,"column":0},"end":{"line":5,"column":44}},"6":{"start":{"line":7,"column":0},"end":{"line":7,"column":52}},"7":{"start":{"line":8,"column":0},"end":{"line":8,"column":63}},"8":{"start":{"line":9,"column":0},"end":{"line":9,"column":25}},"9":{"start":{"line":10,"column":0},"end":{"line":10,"column":4}},"10":{"start":{"line":11,"column":0},"end":{"line":11,"column":57}},"11":{"start":{"line":12,"column":0},"end":{"line":12,"column":40}},"12":{"start":{"line":13,"column":0},"end":{"line":13,"column":34}},"13":{"start":{"line":14,"column":0},"end":{"line":14,"column":2}},"15":{"start":{"line":16,"column":0},"end":{"line":16,"column":72}},"16":{"start":{"line":17,"column":0},"end":{"line":17,"column":63}},"17":{"start":{"line":18,"column":0},"end":{"line":18,"column":17}},"18":{"start":{"line":19,"column":0},"end":{"line":19,"column":48}},"19":{"start":{"line":20,"column":0},"end":{"line":20,"column":35}},"20":{"start":{"line":21,"column":0},"end":{"line":21,"column":25}},"21":{"start":{"line":22,"column":0},"end":{"line":22,"column":4}},"22":{"start":{"line":23,"column":0},"end":{"line":23,"column":58}},"23":{"start":{"line":24,"column":0},"end":{"line":24,"column":40}},"24":{"start":{"line":25,"column":0},"end":{"line":25,"column":34}},"25":{"start":{"line":26,"column":0},"end":{"line":26,"column":2}},"31":{"start":{"line":32,"column":0},"end":{"line":32,"column":45}},"32":{"start":{"line":33,"column":0},"end":{"line":33,"column":38}},"33":{"start":{"line":34,"column":0},"end":{"line":34,"column":38}},"34":{"start":{"line":35,"column":0},"end":{"line":35,"column":60}},"35":{"start":{"line":36,"column":0},"end":{"line":36,"column":24}},"36":{"start":{"line":37,"column":0},"end":{"line":37,"column":24}},"37":{"start":{"line":38,"column":0},"end":{"line":38,"column":4}},"39":{"start":{"line":40,"column":0},"end":{"line":40,"column":62}},"40":{"start":{"line":41,"column":0},"end":{"line":41,"column":96}},"43":{"start":{"line":44,"column":0},"end":{"line":44,"column":82}},"44":{"start":{"line":45,"column":0},"end":{"line":45,"column":62}},"45":{"start":{"line":46,"column":0},"end":{"line":46,"column":67}},"46":{"start":{"line":47,"column":0},"end":{"line":47,"column":39}},"47":{"start":{"line":48,"column":0},"end":{"line":48,"column":2}},"49":{"start":{"line":50,"column":0},"end":{"line":50,"column":31}},"50":{"start":{"line":51,"column":0},"end":{"line":51,"column":28}},"51":{"start":{"line":52,"column":0},"end":{"line":52,"column":24}},"52":{"start":{"line":53,"column":0},"end":{"line":53,"column":52}},"53":{"start":{"line":54,"column":0},"end":{"line":54,"column":72}},"54":{"start":{"line":55,"column":0},"end":{"line":55,"column":4}},"55":{"start":{"line":56,"column":0},"end":{"line":56,"column":24}},"56":{"start":{"line":57,"column":0},"end":{"line":57,"column":97}},"57":{"start":{"line":58,"column":0},"end":{"line":58,"column":4}},"58":{"start":{"line":59,"column":0},"end":{"line":59,"column":4}},"60":{"start":{"line":61,"column":0},"end":{"line":61,"column":52}},"61":{"start":{"line":62,"column":0},"end":{"line":62,"column":21}},"62":{"start":{"line":63,"column":0},"end":{"line":63,"column":52}},"63":{"start":{"line":64,"column":0},"end":{"line":64,"column":63}},"64":{"start":{"line":65,"column":0},"end":{"line":65,"column":83}},"65":{"start":{"line":66,"column":0},"end":{"line":66,"column":10}},"66":{"start":{"line":67,"column":0},"end":{"line":67,"column":3}},"67":{"start":{"line":68,"column":0},"end":{"line":68,"column":52}},"68":{"start":{"line":69,"column":0},"end":{"line":69,"column":3}},"70":{"start":{"line":71,"column":0},"end":{"line":71,"column":49}},"71":{"start":{"line":72,"column":0},"end":{"line":72,"column":71}},"73":{"start":{"line":74,"column":0},"end":{"line":74,"column":9}},"74":{"start":{"line":75,"column":0},"end":{"line":75,"column":7}},"75":{"start":{"line":76,"column":0},"end":{"line":76,"column":20}},"76":{"start":{"line":77,"column":0},"end":{"line":77,"column":16}},"77":{"start":{"line":78,"column":0},"end":{"line":78,"column":75}},"78":{"start":{"line":79,"column":0},"end":{"line":79,"column":19}},"79":{"start":{"line":80,"column":0},"end":{"line":80,"column":8}},"82":{"start":{"line":83,"column":0},"end":{"line":83,"column":107}},"83":{"start":{"line":84,"column":0},"end":{"line":84,"column":18}},"84":{"start":{"line":85,"column":0},"end":{"line":85,"column":48}},"85":{"start":{"line":86,"column":0},"end":{"line":86,"column":12}},"86":{"start":{"line":87,"column":0},"end":{"line":87,"column":22}},"87":{"start":{"line":88,"column":0},"end":{"line":88,"column":25}},"88":{"start":{"line":89,"column":0},"end":{"line":89,"column":8}},"89":{"start":{"line":90,"column":0},"end":{"line":90,"column":161}},"90":{"start":{"line":91,"column":0},"end":{"line":91,"column":6}},"92":{"start":{"line":93,"column":0},"end":{"line":93,"column":14}},"93":{"start":{"line":94,"column":0},"end":{"line":94,"column":12}},"94":{"start":{"line":95,"column":0},"end":{"line":95,"column":22}},"95":{"start":{"line":96,"column":0},"end":{"line":96,"column":24}},"96":{"start":{"line":97,"column":0},"end":{"line":97,"column":8}},"97":{"start":{"line":98,"column":0},"end":{"line":98,"column":160}},"98":{"start":{"line":99,"column":0},"end":{"line":99,"column":6}},"100":{"start":{"line":101,"column":0},"end":{"line":101,"column":14}},"101":{"start":{"line":102,"column":0},"end":{"line":102,"column":12}},"102":{"start":{"line":103,"column":0},"end":{"line":103,"column":22}},"103":{"start":{"line":104,"column":0},"end":{"line":104,"column":26}},"104":{"start":{"line":105,"column":0},"end":{"line":105,"column":8}},"105":{"start":{"line":106,"column":0},"end":{"line":106,"column":162}},"106":{"start":{"line":107,"column":0},"end":{"line":107,"column":6}},"108":{"start":{"line":109,"column":0},"end":{"line":109,"column":14}},"109":{"start":{"line":110,"column":0},"end":{"line":110,"column":10}},"110":{"start":{"line":111,"column":0},"end":{"line":111,"column":13}},"112":{"start":{"line":113,"column":0},"end":{"line":113,"column":85}},"113":{"start":{"line":114,"column":0},"end":{"line":114,"column":27}},"114":{"start":{"line":115,"column":0},"end":{"line":115,"column":62}},"115":{"start":{"line":116,"column":0},"end":{"line":116,"column":43}},"116":{"start":{"line":117,"column":0},"end":{"line":117,"column":82}},"118":{"start":{"line":119,"column":0},"end":{"line":119,"column":14}},"119":{"start":{"line":120,"column":0},"end":{"line":120,"column":12}},"120":{"start":{"line":121,"column":0},"end":{"line":121,"column":19}},"121":{"start":{"line":122,"column":0},"end":{"line":122,"column":20}},"122":{"start":{"line":123,"column":0},"end":{"line":123,"column":27}},"123":{"start":{"line":124,"column":0},"end":{"line":124,"column":25}},"124":{"start":{"line":125,"column":0},"end":{"line":125,"column":40}},"125":{"start":{"line":126,"column":0},"end":{"line":126,"column":9}},"126":{"start":{"line":127,"column":0},"end":{"line":127,"column":134}},"127":{"start":{"line":128,"column":0},"end":{"line":128,"column":8}},"128":{"start":{"line":129,"column":0},"end":{"line":129,"column":37}},"130":{"start":{"line":131,"column":0},"end":{"line":131,"column":14}},"131":{"start":{"line":132,"column":0},"end":{"line":132,"column":11}},"132":{"start":{"line":133,"column":0},"end":{"line":133,"column":12}},"133":{"start":{"line":134,"column":0},"end":{"line":134,"column":19}},"134":{"start":{"line":135,"column":0},"end":{"line":135,"column":35}},"135":{"start":{"line":136,"column":0},"end":{"line":136,"column":172}},"137":{"start":{"line":138,"column":0},"end":{"line":138,"column":58}},"138":{"start":{"line":139,"column":0},"end":{"line":139,"column":14}},"139":{"start":{"line":140,"column":0},"end":{"line":140,"column":11}},"140":{"start":{"line":141,"column":0},"end":{"line":141,"column":13}},"141":{"start":{"line":142,"column":0},"end":{"line":142,"column":8}},"143":{"start":{"line":144,"column":0},"end":{"line":144,"column":2}}},"s":{"0":1,"1":1,"2":1,"4":1,"6":1,"7":15,"8":15,"9":15,"10":15,"11":14,"12":14,"13":14,"15":1,"16":3,"17":3,"18":3,"19":3,"20":3,"21":3,"22":3,"23":1,"24":1,"25":1,"31":1,"32":49,"33":49,"34":49,"35":49,"36":49,"37":49,"39":49,"40":49,"43":49,"44":49,"45":17,"46":17,"47":17,"49":49,"50":49,"51":49,"52":1,"53":1,"54":1,"55":49,"56":2,"57":2,"58":49,"60":49,"61":6,"62":6,"63":6,"64":3,"65":3,"66":3,"67":3,"68":6,"70":49,"71":49,"73":43,"74":43,"75":43,"76":43,"77":8,"78":8,"79":8,"82":49,"83":49,"84":49,"85":49,"86":49,"87":1,"88":1,"89":49,"90":49,"92":49,"93":49,"94":49,"95":1,"96":1,"97":49,"98":49,"100":49,"101":49,"102":49,"103":2,"104":2,"105":49,"106":49,"108":49,"109":49,"110":49,"112":49,"113":49,"114":49,"115":49,"116":49,"118":49,"119":49,"120":49,"121":49,"122":49,"123":49,"124":5,"125":5,"126":49,"127":49,"128":49,"130":49,"131":49,"132":49,"133":49,"134":49,"135":49,"137":49,"138":49,"139":49,"140":49,"141":49,"143":49},"branchMap":{"0":{"type":"branch","line":1,"loc":{"start":{"line":1,"column":30},"end":{"line":1,"column":38}},"locations":[{"start":{"line":1,"column":30},"end":{"line":1,"column":38}}]},"1":{"type":"branch","line":7,"loc":{"start":{"line":7,"column":21},"end":{"line":14,"column":2}},"locations":[{"start":{"line":7,"column":21},"end":{"line":14,"column":2}}]},"2":{"type":"branch","line":11,"loc":{"start":{"line":11,"column":14},"end":{"line":11,"column":57}},"locations":[{"start":{"line":11,"column":14},"end":{"line":11,"column":57}}]},"3":{"type":"branch","line":11,"loc":{"start":{"line":11,"column":55},"end":{"line":14,"column":2}},"locations":[{"start":{"line":11,"column":55},"end":{"line":14,"column":2}}]},"4":{"type":"branch","line":16,"loc":{"start":{"line":16,"column":22},"end":{"line":26,"column":2}},"locations":[{"start":{"line":16,"column":22},"end":{"line":26,"column":2}}]},"5":{"type":"branch","line":22,"loc":{"start":{"line":22,"column":2},"end":{"line":23,"column":20}},"locations":[{"start":{"line":22,"column":2},"end":{"line":23,"column":20}}]},"6":{"type":"branch","line":23,"loc":{"start":{"line":23,"column":14},"end":{"line":26,"column":2}},"locations":[{"start":{"line":23,"column":14},"end":{"line":26,"column":2}}]},"7":{"type":"branch","line":32,"loc":{"start":{"line":32,"column":38},"end":{"line":144,"column":2}},"locations":[{"start":{"line":32,"column":38},"end":{"line":144,"column":2}}]},"8":{"type":"branch","line":45,"loc":{"start":{"line":45,"column":5},"end":{"line":45,"column":61}},"locations":[{"start":{"line":45,"column":5},"end":{"line":45,"column":61}}]},"9":{"type":"branch","line":45,"loc":{"start":{"line":45,"column":61},"end":{"line":48,"column":2}},"locations":[{"start":{"line":45,"column":61},"end":{"line":48,"column":2}}]},"10":{"type":"branch","line":71,"loc":{"start":{"line":71,"column":16},"end":{"line":71,"column":49}},"locations":[{"start":{"line":71,"column":16},"end":{"line":71,"column":49}}]},"11":{"type":"branch","line":71,"loc":{"start":{"line":71,"column":44},"end":{"line":72,"column":19}},"locations":[{"start":{"line":71,"column":44},"end":{"line":72,"column":19}}]},"12":{"type":"branch","line":72,"loc":{"start":{"line":72,"column":12},"end":{"line":72,"column":71}},"locations":[{"start":{"line":72,"column":12},"end":{"line":72,"column":71}}]},"13":{"type":"branch","line":72,"loc":{"start":{"line":72,"column":66},"end":{"line":77,"column":16}},"locations":[{"start":{"line":72,"column":66},"end":{"line":77,"column":16}}]},"14":{"type":"branch","line":77,"loc":{"start":{"line":77,"column":4},"end":{"line":80,"column":8}},"locations":[{"start":{"line":77,"column":4},"end":{"line":80,"column":8}}]},"15":{"type":"branch","line":78,"loc":{"start":{"line":78,"column":39},"end":{"line":78,"column":63}},"locations":[{"start":{"line":78,"column":39},"end":{"line":78,"column":63}}]},"16":{"type":"branch","line":78,"loc":{"start":{"line":78,"column":51},"end":{"line":78,"column":72}},"locations":[{"start":{"line":78,"column":51},"end":{"line":78,"column":72}}]},"17":{"type":"branch","line":90,"loc":{"start":{"line":90,"column":60},"end":{"line":90,"column":82}},"locations":[{"start":{"line":90,"column":60},"end":{"line":90,"column":82}}]},"18":{"type":"branch","line":90,"loc":{"start":{"line":90,"column":70},"end":{"line":90,"column":90}},"locations":[{"start":{"line":90,"column":70},"end":{"line":90,"column":90}}]},"19":{"type":"branch","line":98,"loc":{"start":{"line":98,"column":60},"end":{"line":98,"column":81}},"locations":[{"start":{"line":98,"column":60},"end":{"line":98,"column":81}}]},"20":{"type":"branch","line":98,"loc":{"start":{"line":98,"column":69},"end":{"line":98,"column":89}},"locations":[{"start":{"line":98,"column":69},"end":{"line":98,"column":89}}]},"21":{"type":"branch","line":106,"loc":{"start":{"line":106,"column":60},"end":{"line":106,"column":83}},"locations":[{"start":{"line":106,"column":60},"end":{"line":106,"column":83}}]},"22":{"type":"branch","line":106,"loc":{"start":{"line":106,"column":71},"end":{"line":106,"column":91}},"locations":[{"start":{"line":106,"column":71},"end":{"line":106,"column":91}}]},"23":{"type":"branch","line":136,"loc":{"start":{"line":136,"column":133},"end":{"line":136,"column":161}},"locations":[{"start":{"line":136,"column":133},"end":{"line":136,"column":161}}]},"24":{"type":"branch","line":136,"loc":{"start":{"line":136,"column":145},"end":{"line":136,"column":170}},"locations":[{"start":{"line":136,"column":145},"end":{"line":136,"column":170}}]},"25":{"type":"branch","line":138,"loc":{"start":{"line":138,"column":16},"end":{"line":138,"column":42}},"locations":[{"start":{"line":138,"column":16},"end":{"line":138,"column":42}}]},"26":{"type":"branch","line":138,"loc":{"start":{"line":138,"column":28},"end":{"line":138,"column":58}},"locations":[{"start":{"line":138,"column":28},"end":{"line":138,"column":58}}]},"27":{"type":"branch","line":52,"loc":{"start":{"line":52,"column":13},"end":{"line":55,"column":4}},"locations":[{"start":{"line":52,"column":13},"end":{"line":55,"column":4}}]},"28":{"type":"branch","line":56,"loc":{"start":{"line":56,"column":11},"end":{"line":58,"column":4}},"locations":[{"start":{"line":56,"column":11},"end":{"line":58,"column":4}}]},"29":{"type":"branch","line":57,"loc":{"start":{"line":57,"column":54},"end":{"line":57,"column":79}},"locations":[{"start":{"line":57,"column":54},"end":{"line":57,"column":79}}]},"30":{"type":"branch","line":57,"loc":{"start":{"line":57,"column":69},"end":{"line":57,"column":94}},"locations":[{"start":{"line":57,"column":69},"end":{"line":57,"column":94}}]},"31":{"type":"branch","line":61,"loc":{"start":{"line":61,"column":22},"end":{"line":69,"column":3}},"locations":[{"start":{"line":61,"column":22},"end":{"line":69,"column":3}}]},"32":{"type":"branch","line":64,"loc":{"start":{"line":64,"column":26},"end":{"line":64,"column":46}},"locations":[{"start":{"line":64,"column":26},"end":{"line":64,"column":46}}]},"33":{"type":"branch","line":64,"loc":{"start":{"line":64,"column":41},"end":{"line":64,"column":62}},"locations":[{"start":{"line":64,"column":41},"end":{"line":64,"column":62}}]},"34":{"type":"branch","line":64,"loc":{"start":{"line":64,"column":62},"end":{"line":68,"column":52}},"locations":[{"start":{"line":64,"column":62},"end":{"line":68,"column":52}}]},"35":{"type":"branch","line":87,"loc":{"start":{"line":87,"column":15},"end":{"line":89,"column":8}},"locations":[{"start":{"line":87,"column":15},"end":{"line":89,"column":8}}]},"36":{"type":"branch","line":95,"loc":{"start":{"line":95,"column":15},"end":{"line":97,"column":8}},"locations":[{"start":{"line":95,"column":15},"end":{"line":97,"column":8}}]},"37":{"type":"branch","line":103,"loc":{"start":{"line":103,"column":15},"end":{"line":105,"column":8}},"locations":[{"start":{"line":103,"column":15},"end":{"line":105,"column":8}}]},"38":{"type":"branch","line":124,"loc":{"start":{"line":124,"column":17},"end":{"line":126,"column":9}},"locations":[{"start":{"line":124,"column":17},"end":{"line":126,"column":9}}]}},"b":{"0":[0],"1":[15],"2":[1],"3":[14],"4":[3],"5":[2],"6":[1],"7":[49],"8":[48],"9":[17],"10":[1],"11":[48],"12":[5],"13":[43],"14":[8],"15":[2],"16":[6],"17":[3],"18":[40],"19":[3],"20":[40],"21":[37],"22":[6],"23":[0],"24":[43],"25":[0],"26":[43],"27":[1],"28":[2],"29":[1],"30":[1],"31":[6],"32":[5],"33":[4],"34":[3],"35":[1],"36":[1],"37":[2],"38":[5]},"fnMap":{"0":{"name":"fetchOptions","decl":{"start":{"line":7,"column":21},"end":{"line":14,"column":2}},"loc":{"start":{"line":7,"column":21},"end":{"line":14,"column":2}},"line":7},"1":{"name":"updateOptions","decl":{"start":{"line":16,"column":22},"end":{"line":26,"column":2}},"loc":{"start":{"line":16,"column":22},"end":{"line":26,"column":2}},"line":16},"2":{"name":"SettingsPage","decl":{"start":{"line":32,"column":38},"end":{"line":144,"column":2}},"loc":{"start":{"line":32,"column":38},"end":{"line":144,"column":2}},"line":32},"3":{"name":"onSuccess","decl":{"start":{"line":52,"column":13},"end":{"line":55,"column":4}},"loc":{"start":{"line":52,"column":13},"end":{"line":55,"column":4}},"line":52},"4":{"name":"onError","decl":{"start":{"line":56,"column":11},"end":{"line":58,"column":4}},"loc":{"start":{"line":56,"column":11},"end":{"line":58,"column":4}},"line":56},"5":{"name":"handleSubmit","decl":{"start":{"line":61,"column":22},"end":{"line":69,"column":3}},"loc":{"start":{"line":61,"column":22},"end":{"line":69,"column":3}},"line":61},"6":{"name":"onClick","decl":{"start":{"line":87,"column":15},"end":{"line":89,"column":8}},"loc":{"start":{"line":87,"column":15},"end":{"line":89,"column":8}},"line":87},"7":{"name":"onClick","decl":{"start":{"line":95,"column":15},"end":{"line":97,"column":8}},"loc":{"start":{"line":95,"column":15},"end":{"line":97,"column":8}},"line":95},"8":{"name":"onClick","decl":{"start":{"line":103,"column":15},"end":{"line":105,"column":8}},"loc":{"start":{"line":103,"column":15},"end":{"line":105,"column":8}},"line":103},"9":{"name":"onChange","decl":{"start":{"line":124,"column":17},"end":{"line":126,"column":9}},"loc":{"start":{"line":124,"column":17},"end":{"line":126,"column":9}},"line":124}},"f":{"0":15,"1":3,"2":49,"3":1,"4":2,"5":6,"6":1,"7":1,"8":2,"9":5}}
}
